Copyright 1986-2014 Xilinx, Inc. All Rights Reserved.
--------------------------------------------------------------------------------------------------------------------------------------------------------
| Tool Version      : Vivado v.2014.4 (win64) Build 1071353 Tue Nov 18 18:29:27 MST 2014
| Date              : Wed Mar 30 18:34:42 2016
| Host              : ECJ1-222-02 running 64-bit Service Pack 1  (build 7601)
| Command           : report_timing_summary -warn_on_violation -max_paths 10 -file PartB_timing_summary_routed.rpt -rpx PartB_timing_summary_routed.rpx
| Design            : PartB
| Device            : 7a35t-cpg236
| Speed File        : -2L  PRODUCTION 1.14 2014-09-11
| Temperature Grade : C
--------------------------------------------------------------------------------------------------------------------------------------------------------

Timing Summary Report

------------------------------------------------------------------------------------------------
| Timer Settings
| --------------
------------------------------------------------------------------------------------------------

  Enable Multi Corner Analysis               :  Yes
  Enable Pessimism Removal                   :  Yes
  Pessimism Removal Resolution               :  Nearest Common Node
  Enable Input Delay Default Clock           :  No
  Enable Preset / Clear Arcs                 :  No
  Disable Flight Delays                      :  No

  Corner  Analyze    Analyze    
  Name    Max Paths  Min Paths  
  ------  ---------  ---------  
  Slow    Yes        Yes        
  Fast    Yes        Yes        



check_timing report

Table of Contents
-----------------
1. checking no_clock
2. checking constant_clock
3. checking pulse_width_clock
4. checking unconstrained_internal_endpoints
5. checking no_input_delay
6. checking no_output_delay
7. checking multiple_clock
8. checking generated_clocks
9. checking loops
10. checking partial_input_delay
11. checking partial_output_delay
12. checking unexpandable_clocks
13. checking latch_loops

1. checking no_clock
--------------------
 There are 70 register/latch pins with no clock driven by root clock pin: div0/out_reg/C (HIGH)

 There are 6 register/latch pins with no clock driven by root clock pin: div1/out_reg/C (HIGH)


2. checking constant_clock
--------------------------
 There are 0 register/latch pins with constant_clock.


3. checking pulse_width_clock
-----------------------------
 There are 0 register/latch pins which need pulse_width check


4. checking unconstrained_internal_endpoints
--------------------------------------------
 There are 178 pins that are not constrained for maximum delay. (HIGH)

 There are 0 pins that are not constrained for maximum delay due to constant clock.


5. checking no_input_delay
--------------------------
 There are 8 input ports with no input delay specified. (HIGH)

 There are 0 input ports with no input delay but user has a false path constraint.


6. checking no_output_delay
---------------------------
 There are 14 ports with no output delay specified. (HIGH)

 There are 0 ports with no output delay but user has a false path constraint

 There are 0 ports with no output delay but with a timing clock defined on it or propagating through it


7. checking multiple_clock
--------------------------
 There are 0 register/latch pins with multiple clocks.


8. checking generated_clocks
----------------------------
 There are 0 generated clocks that are not connected to a clock source.


9. checking loops
-----------------
 There are 0 combinational loops in the design.


10. checking partial_input_delay
--------------------------------
 There are 0 input ports with partial input delay specified.


11. checking partial_output_delay
---------------------------------
 There are 0 ports with partial output delay specified.


12. checking unexpandable_clocks
--------------------------------
 There are 0 unexpandable clock pairs.


13. checking latch_loops
------------------------
 There are 0 combinational latch loops in the design through latch input



------------------------------------------------------------------------------------------------
| Design Timing Summary
| ---------------------
------------------------------------------------------------------------------------------------

    WNS(ns)      TNS(ns)  TNS Failing Endpoints  TNS Total Endpoints      WHS(ns)      THS(ns)  THS Failing Endpoints  THS Total Endpoints     WPWS(ns)     TPWS(ns)  TPWS Failing Endpoints  TPWS Total Endpoints  
    -------      -------  ---------------------  -------------------      -------      -------  ---------------------  -------------------     --------     --------  ----------------------  --------------------  
      6.391        0.000                      0                  130        0.262        0.000                      0                  130        4.500        0.000                       0                    67  


All user specified timing constraints are met.


------------------------------------------------------------------------------------------------
| Clock Summary
| -------------
------------------------------------------------------------------------------------------------

Clock        Waveform(ns)       Period(ns)      Frequency(MHz)
-----        ------------       ----------      --------------
sys_clk_pin  {0.000 5.000}      10.000          100.000         


------------------------------------------------------------------------------------------------
| Intra Clock Table
| -----------------
------------------------------------------------------------------------------------------------

Clock             WNS(ns)      TNS(ns)  TNS Failing Endpoints  TNS Total Endpoints      WHS(ns)      THS(ns)  THS Failing Endpoints  THS Total Endpoints     WPWS(ns)     TPWS(ns)  TPWS Failing Endpoints  TPWS Total Endpoints  
-----             -------      -------  ---------------------  -------------------      -------      -------  ---------------------  -------------------     --------     --------  ----------------------  --------------------  
sys_clk_pin         6.391        0.000                      0                  130        0.262        0.000                      0                  130        4.500        0.000                       0                    67  


------------------------------------------------------------------------------------------------
| Inter Clock Table
| -----------------
------------------------------------------------------------------------------------------------

From Clock    To Clock          WNS(ns)      TNS(ns)  TNS Failing Endpoints  TNS Total Endpoints      WHS(ns)      THS(ns)  THS Failing Endpoints  THS Total Endpoints  
----------    --------          -------      -------  ---------------------  -------------------      -------      -------  ---------------------  -------------------  


------------------------------------------------------------------------------------------------
| Other Path Groups Table
| -----------------------
------------------------------------------------------------------------------------------------

Path Group    From Clock    To Clock          WNS(ns)      TNS(ns)  TNS Failing Endpoints  TNS Total Endpoints      WHS(ns)      THS(ns)  THS Failing Endpoints  THS Total Endpoints  
----------    ----------    --------          -------      -------  ---------------------  -------------------      -------      -------  ---------------------  -------------------  


------------------------------------------------------------------------------------------------
| Timing Details
| --------------
------------------------------------------------------------------------------------------------


---------------------------------------------------------------------------------------------------
From Clock:  sys_clk_pin
  To Clock:  sys_clk_pin

Setup :            0  Failing Endpoints,  Worst Slack        6.391ns,  Total Violation        0.000ns
Hold  :            0  Failing Endpoints,  Worst Slack        0.262ns,  Total Violation        0.000ns
PW    :            0  Failing Endpoints,  Worst Slack        4.500ns,  Total Violation        0.000ns
---------------------------------------------------------------------------------------------------


Max Delay Paths
--------------------------------------------------------------------------------------
Slack (MET) :             6.391ns  (required time - arrival time)
  Source:                 div0/count_reg[2]/C
                            (rising edge-triggered cell FDRE clocked by sys_clk_pin  {rise@0.000ns fall@5.000ns period=10.000ns})
  Destination:            div0/count_reg[29]/R
                            (rising edge-triggered cell FDRE clocked by sys_clk_pin  {rise@0.000ns fall@5.000ns period=10.000ns})
  Path Group:             sys_clk_pin
  Path Type:              Setup (Max at Slow Process Corner)
  Requirement:            10.000ns  (sys_clk_pin rise@10.000ns - sys_clk_pin rise@0.000ns)
  Data Path Delay:        3.128ns  (logic 0.643ns (20.556%)  route 2.485ns (79.444%))
  Logic Levels:           2  (LUT6=2)
  Clock Path Skew:        -0.023ns (DCD - SCD + CPR)
    Destination Clock Delay (DCD):    4.255ns = ( 14.255 - 10.000 ) 
    Source Clock Delay      (SCD):    4.520ns
    Clock Pessimism Removal (CPR):    0.242ns
  Clock Uncertainty:      0.035ns  ((TSJ^2 + TIJ^2)^1/2 + DJ) / 2 + PE
    Total System Jitter     (TSJ):    0.071ns
    Total Input Jitter      (TIJ):    0.000ns
    Discrete Jitter          (DJ):    0.000ns
    Phase Error              (PE):    0.000ns

    Location             Delay type                Incr(ns)  Path(ns)    Netlist Resource(s)
  -------------------------------------------------------------------    -------------------
                         (clock sys_clk_pin rise edge)
                                                      0.000     0.000 r  
    W5                                                0.000     0.000 r  clock
                         net (fo=0)                   0.000     0.000    clock
    W5                   IBUF (Prop_ibuf_I_O)         1.389     1.389 r  clock_IBUF_inst/O
                         net (fo=1, routed)           1.689     3.078    clock_IBUF
    BUFGCTRL_X0Y1        BUFG (Prop_bufg_I_O)         0.081     3.159 r  clock_IBUF_BUFG_inst/O
                         net (fo=66, routed)          1.361     4.520    div0/clock_IBUF_BUFG
    SLICE_X34Y36                                                      r  div0/count_reg[2]/C
  -------------------------------------------------------------------    -------------------
    SLICE_X34Y36         FDRE (Prop_fdre_C_Q)         0.433     4.953 f  div0/count_reg[2]/Q
                         net (fo=5, routed)           1.070     6.023    div0/n_0_count_reg[2]
    SLICE_X35Y39         LUT6 (Prop_lut6_I3_O)        0.105     6.128 r  div0/count[31]_i_5__0/O
                         net (fo=1, routed)           0.652     6.780    div0/n_0_count[31]_i_5__0
    SLICE_X35Y40         LUT6 (Prop_lut6_I2_O)        0.105     6.885 r  div0/count[31]_i_1/O
                         net (fo=32, routed)          0.763     7.648    div0/n_0_count[31]_i_1
    SLICE_X34Y43         FDRE                                         r  div0/count_reg[29]/R
  -------------------------------------------------------------------    -------------------

                         (clock sys_clk_pin rise edge)
                                                     10.000    10.000 r  
    W5                                                0.000    10.000 r  clock
                         net (fo=0)                   0.000    10.000    clock
    W5                   IBUF (Prop_ibuf_I_O)         1.324    11.324 r  clock_IBUF_inst/O
                         net (fo=1, routed)           1.599    12.923    clock_IBUF
    BUFGCTRL_X0Y1        BUFG (Prop_bufg_I_O)         0.077    13.000 r  clock_IBUF_BUFG_inst/O
                         net (fo=66, routed)          1.255    14.255    div0/clock_IBUF_BUFG
    SLICE_X34Y43                                                      r  div0/count_reg[29]/C
                         clock pessimism              0.242    14.497    
                         clock uncertainty           -0.035    14.462    
    SLICE_X34Y43         FDRE (Setup_fdre_C_R)       -0.423    14.039    div0/count_reg[29]
  -------------------------------------------------------------------
                         required time                         14.039    
                         arrival time                          -7.648    
  -------------------------------------------------------------------
                         slack                                  6.391    

Slack (MET) :             6.391ns  (required time - arrival time)
  Source:                 div0/count_reg[2]/C
                            (rising edge-triggered cell FDRE clocked by sys_clk_pin  {rise@0.000ns fall@5.000ns period=10.000ns})
  Destination:            div0/count_reg[30]/R
                            (rising edge-triggered cell FDRE clocked by sys_clk_pin  {rise@0.000ns fall@5.000ns period=10.000ns})
  Path Group:             sys_clk_pin
  Path Type:              Setup (Max at Slow Process Corner)
  Requirement:            10.000ns  (sys_clk_pin rise@10.000ns - sys_clk_pin rise@0.000ns)
  Data Path Delay:        3.128ns  (logic 0.643ns (20.556%)  route 2.485ns (79.444%))
  Logic Levels:           2  (LUT6=2)
  Clock Path Skew:        -0.023ns (DCD - SCD + CPR)
    Destination Clock Delay (DCD):    4.255ns = ( 14.255 - 10.000 ) 
    Source Clock Delay      (SCD):    4.520ns
    Clock Pessimism Removal (CPR):    0.242ns
  Clock Uncertainty:      0.035ns  ((TSJ^2 + TIJ^2)^1/2 + DJ) / 2 + PE
    Total System Jitter     (TSJ):    0.071ns
    Total Input Jitter      (TIJ):    0.000ns
    Discrete Jitter          (DJ):    0.000ns
    Phase Error              (PE):    0.000ns

    Location             Delay type                Incr(ns)  Path(ns)    Netlist Resource(s)
  -------------------------------------------------------------------    -------------------
                         (clock sys_clk_pin rise edge)
                                                      0.000     0.000 r  
    W5                                                0.000     0.000 r  clock
                         net (fo=0)                   0.000     0.000    clock
    W5                   IBUF (Prop_ibuf_I_O)         1.389     1.389 r  clock_IBUF_inst/O
                         net (fo=1, routed)           1.689     3.078    clock_IBUF
    BUFGCTRL_X0Y1        BUFG (Prop_bufg_I_O)         0.081     3.159 r  clock_IBUF_BUFG_inst/O
                         net (fo=66, routed)          1.361     4.520    div0/clock_IBUF_BUFG
    SLICE_X34Y36                                                      r  div0/count_reg[2]/C
  -------------------------------------------------------------------    -------------------
    SLICE_X34Y36         FDRE (Prop_fdre_C_Q)         0.433     4.953 f  div0/count_reg[2]/Q
                         net (fo=5, routed)           1.070     6.023    div0/n_0_count_reg[2]
    SLICE_X35Y39         LUT6 (Prop_lut6_I3_O)        0.105     6.128 r  div0/count[31]_i_5__0/O
                         net (fo=1, routed)           0.652     6.780    div0/n_0_count[31]_i_5__0
    SLICE_X35Y40         LUT6 (Prop_lut6_I2_O)        0.105     6.885 r  div0/count[31]_i_1/O
                         net (fo=32, routed)          0.763     7.648    div0/n_0_count[31]_i_1
    SLICE_X34Y43         FDRE                                         r  div0/count_reg[30]/R
  -------------------------------------------------------------------    -------------------

                         (clock sys_clk_pin rise edge)
                                                     10.000    10.000 r  
    W5                                                0.000    10.000 r  clock
                         net (fo=0)                   0.000    10.000    clock
    W5                   IBUF (Prop_ibuf_I_O)         1.324    11.324 r  clock_IBUF_inst/O
                         net (fo=1, routed)           1.599    12.923    clock_IBUF
    BUFGCTRL_X0Y1        BUFG (Prop_bufg_I_O)         0.077    13.000 r  clock_IBUF_BUFG_inst/O
                         net (fo=66, routed)          1.255    14.255    div0/clock_IBUF_BUFG
    SLICE_X34Y43                                                      r  div0/count_reg[30]/C
                         clock pessimism              0.242    14.497    
                         clock uncertainty           -0.035    14.462    
    SLICE_X34Y43         FDRE (Setup_fdre_C_R)       -0.423    14.039    div0/count_reg[30]
  -------------------------------------------------------------------
                         required time                         14.039    
                         arrival time                          -7.648    
  -------------------------------------------------------------------
                         slack                                  6.391    

Slack (MET) :             6.391ns  (required time - arrival time)
  Source:                 div0/count_reg[2]/C
                            (rising edge-triggered cell FDRE clocked by sys_clk_pin  {rise@0.000ns fall@5.000ns period=10.000ns})
  Destination:            div0/count_reg[31]/R
                            (rising edge-triggered cell FDRE clocked by sys_clk_pin  {rise@0.000ns fall@5.000ns period=10.000ns})
  Path Group:             sys_clk_pin
  Path Type:              Setup (Max at Slow Process Corner)
  Requirement:            10.000ns  (sys_clk_pin rise@10.000ns - sys_clk_pin rise@0.000ns)
  Data Path Delay:        3.128ns  (logic 0.643ns (20.556%)  route 2.485ns (79.444%))
  Logic Levels:           2  (LUT6=2)
  Clock Path Skew:        -0.023ns (DCD - SCD + CPR)
    Destination Clock Delay (DCD):    4.255ns = ( 14.255 - 10.000 ) 
    Source Clock Delay      (SCD):    4.520ns
    Clock Pessimism Removal (CPR):    0.242ns
  Clock Uncertainty:      0.035ns  ((TSJ^2 + TIJ^2)^1/2 + DJ) / 2 + PE
    Total System Jitter     (TSJ):    0.071ns
    Total Input Jitter      (TIJ):    0.000ns
    Discrete Jitter          (DJ):    0.000ns
    Phase Error              (PE):    0.000ns

    Location             Delay type                Incr(ns)  Path(ns)    Netlist Resource(s)
  -------------------------------------------------------------------    -------------------
                         (clock sys_clk_pin rise edge)
                                                      0.000     0.000 r  
    W5                                                0.000     0.000 r  clock
                         net (fo=0)                   0.000     0.000    clock
    W5                   IBUF (Prop_ibuf_I_O)         1.389     1.389 r  clock_IBUF_inst/O
                         net (fo=1, routed)           1.689     3.078    clock_IBUF
    BUFGCTRL_X0Y1        BUFG (Prop_bufg_I_O)         0.081     3.159 r  clock_IBUF_BUFG_inst/O
                         net (fo=66, routed)          1.361     4.520    div0/clock_IBUF_BUFG
    SLICE_X34Y36                                                      r  div0/count_reg[2]/C
  -------------------------------------------------------------------    -------------------
    SLICE_X34Y36         FDRE (Prop_fdre_C_Q)         0.433     4.953 f  div0/count_reg[2]/Q
                         net (fo=5, routed)           1.070     6.023    div0/n_0_count_reg[2]
    SLICE_X35Y39         LUT6 (Prop_lut6_I3_O)        0.105     6.128 r  div0/count[31]_i_5__0/O
                         net (fo=1, routed)           0.652     6.780    div0/n_0_count[31]_i_5__0
    SLICE_X35Y40         LUT6 (Prop_lut6_I2_O)        0.105     6.885 r  div0/count[31]_i_1/O
                         net (fo=32, routed)          0.763     7.648    div0/n_0_count[31]_i_1
    SLICE_X34Y43         FDRE                                         r  div0/count_reg[31]/R
  -------------------------------------------------------------------    -------------------

                         (clock sys_clk_pin rise edge)
                                                     10.000    10.000 r  
    W5                                                0.000    10.000 r  clock
                         net (fo=0)                   0.000    10.000    clock
    W5                   IBUF (Prop_ibuf_I_O)         1.324    11.324 r  clock_IBUF_inst/O
                         net (fo=1, routed)           1.599    12.923    clock_IBUF
    BUFGCTRL_X0Y1        BUFG (Prop_bufg_I_O)         0.077    13.000 r  clock_IBUF_BUFG_inst/O
                         net (fo=66, routed)          1.255    14.255    div0/clock_IBUF_BUFG
    SLICE_X34Y43                                                      r  div0/count_reg[31]/C
                         clock pessimism              0.242    14.497    
                         clock uncertainty           -0.035    14.462    
    SLICE_X34Y43         FDRE (Setup_fdre_C_R)       -0.423    14.039    div0/count_reg[31]
  -------------------------------------------------------------------
                         required time                         14.039    
                         arrival time                          -7.648    
  -------------------------------------------------------------------
                         slack                                  6.391    

Slack (MET) :             6.400ns  (required time - arrival time)
  Source:                 div0/count_reg[2]/C
                            (rising edge-triggered cell FDRE clocked by sys_clk_pin  {rise@0.000ns fall@5.000ns period=10.000ns})
  Destination:            div0/count_reg[21]/R
                            (rising edge-triggered cell FDRE clocked by sys_clk_pin  {rise@0.000ns fall@5.000ns period=10.000ns})
  Path Group:             sys_clk_pin
  Path Type:              Setup (Max at Slow Process Corner)
  Requirement:            10.000ns  (sys_clk_pin rise@10.000ns - sys_clk_pin rise@0.000ns)
  Data Path Delay:        3.117ns  (logic 0.643ns (20.628%)  route 2.474ns (79.372%))
  Logic Levels:           2  (LUT6=2)
  Clock Path Skew:        -0.024ns (DCD - SCD + CPR)
    Destination Clock Delay (DCD):    4.254ns = ( 14.254 - 10.000 ) 
    Source Clock Delay      (SCD):    4.520ns
    Clock Pessimism Removal (CPR):    0.242ns
  Clock Uncertainty:      0.035ns  ((TSJ^2 + TIJ^2)^1/2 + DJ) / 2 + PE
    Total System Jitter     (TSJ):    0.071ns
    Total Input Jitter      (TIJ):    0.000ns
    Discrete Jitter          (DJ):    0.000ns
    Phase Error              (PE):    0.000ns

    Location             Delay type                Incr(ns)  Path(ns)    Netlist Resource(s)
  -------------------------------------------------------------------    -------------------
                         (clock sys_clk_pin rise edge)
                                                      0.000     0.000 r  
    W5                                                0.000     0.000 r  clock
                         net (fo=0)                   0.000     0.000    clock
    W5                   IBUF (Prop_ibuf_I_O)         1.389     1.389 r  clock_IBUF_inst/O
                         net (fo=1, routed)           1.689     3.078    clock_IBUF
    BUFGCTRL_X0Y1        BUFG (Prop_bufg_I_O)         0.081     3.159 r  clock_IBUF_BUFG_inst/O
                         net (fo=66, routed)          1.361     4.520    div0/clock_IBUF_BUFG
    SLICE_X34Y36                                                      r  div0/count_reg[2]/C
  -------------------------------------------------------------------    -------------------
    SLICE_X34Y36         FDRE (Prop_fdre_C_Q)         0.433     4.953 f  div0/count_reg[2]/Q
                         net (fo=5, routed)           1.070     6.023    div0/n_0_count_reg[2]
    SLICE_X35Y39         LUT6 (Prop_lut6_I3_O)        0.105     6.128 r  div0/count[31]_i_5__0/O
                         net (fo=1, routed)           0.652     6.780    div0/n_0_count[31]_i_5__0
    SLICE_X35Y40         LUT6 (Prop_lut6_I2_O)        0.105     6.885 r  div0/count[31]_i_1/O
                         net (fo=32, routed)          0.752     7.637    div0/n_0_count[31]_i_1
    SLICE_X34Y41         FDRE                                         r  div0/count_reg[21]/R
  -------------------------------------------------------------------    -------------------

                         (clock sys_clk_pin rise edge)
                                                     10.000    10.000 r  
    W5                                                0.000    10.000 r  clock
                         net (fo=0)                   0.000    10.000    clock
    W5                   IBUF (Prop_ibuf_I_O)         1.324    11.324 r  clock_IBUF_inst/O
                         net (fo=1, routed)           1.599    12.923    clock_IBUF
    BUFGCTRL_X0Y1        BUFG (Prop_bufg_I_O)         0.077    13.000 r  clock_IBUF_BUFG_inst/O
                         net (fo=66, routed)          1.254    14.254    div0/clock_IBUF_BUFG
    SLICE_X34Y41                                                      r  div0/count_reg[21]/C
                         clock pessimism              0.242    14.496    
                         clock uncertainty           -0.035    14.461    
    SLICE_X34Y41         FDRE (Setup_fdre_C_R)       -0.423    14.038    div0/count_reg[21]
  -------------------------------------------------------------------
                         required time                         14.038    
                         arrival time                          -7.637    
  -------------------------------------------------------------------
                         slack                                  6.400    

Slack (MET) :             6.400ns  (required time - arrival time)
  Source:                 div0/count_reg[2]/C
                            (rising edge-triggered cell FDRE clocked by sys_clk_pin  {rise@0.000ns fall@5.000ns period=10.000ns})
  Destination:            div0/count_reg[22]/R
                            (rising edge-triggered cell FDRE clocked by sys_clk_pin  {rise@0.000ns fall@5.000ns period=10.000ns})
  Path Group:             sys_clk_pin
  Path Type:              Setup (Max at Slow Process Corner)
  Requirement:            10.000ns  (sys_clk_pin rise@10.000ns - sys_clk_pin rise@0.000ns)
  Data Path Delay:        3.117ns  (logic 0.643ns (20.628%)  route 2.474ns (79.372%))
  Logic Levels:           2  (LUT6=2)
  Clock Path Skew:        -0.024ns (DCD - SCD + CPR)
    Destination Clock Delay (DCD):    4.254ns = ( 14.254 - 10.000 ) 
    Source Clock Delay      (SCD):    4.520ns
    Clock Pessimism Removal (CPR):    0.242ns
  Clock Uncertainty:      0.035ns  ((TSJ^2 + TIJ^2)^1/2 + DJ) / 2 + PE
    Total System Jitter     (TSJ):    0.071ns
    Total Input Jitter      (TIJ):    0.000ns
    Discrete Jitter          (DJ):    0.000ns
    Phase Error              (PE):    0.000ns

    Location             Delay type                Incr(ns)  Path(ns)    Netlist Resource(s)
  -------------------------------------------------------------------    -------------------
                         (clock sys_clk_pin rise edge)
                                                      0.000     0.000 r  
    W5                                                0.000     0.000 r  clock
                         net (fo=0)                   0.000     0.000    clock
    W5                   IBUF (Prop_ibuf_I_O)         1.389     1.389 r  clock_IBUF_inst/O
                         net (fo=1, routed)           1.689     3.078    clock_IBUF
    BUFGCTRL_X0Y1        BUFG (Prop_bufg_I_O)         0.081     3.159 r  clock_IBUF_BUFG_inst/O
                         net (fo=66, routed)          1.361     4.520    div0/clock_IBUF_BUFG
    SLICE_X34Y36                                                      r  div0/count_reg[2]/C
  -------------------------------------------------------------------    -------------------
    SLICE_X34Y36         FDRE (Prop_fdre_C_Q)         0.433     4.953 f  div0/count_reg[2]/Q
                         net (fo=5, routed)           1.070     6.023    div0/n_0_count_reg[2]
    SLICE_X35Y39         LUT6 (Prop_lut6_I3_O)        0.105     6.128 r  div0/count[31]_i_5__0/O
                         net (fo=1, routed)           0.652     6.780    div0/n_0_count[31]_i_5__0
    SLICE_X35Y40         LUT6 (Prop_lut6_I2_O)        0.105     6.885 r  div0/count[31]_i_1/O
                         net (fo=32, routed)          0.752     7.637    div0/n_0_count[31]_i_1
    SLICE_X34Y41         FDRE                                         r  div0/count_reg[22]/R
  -------------------------------------------------------------------    -------------------

                         (clock sys_clk_pin rise edge)
                                                     10.000    10.000 r  
    W5                                                0.000    10.000 r  clock
                         net (fo=0)                   0.000    10.000    clock
    W5                   IBUF (Prop_ibuf_I_O)         1.324    11.324 r  clock_IBUF_inst/O
                         net (fo=1, routed)           1.599    12.923    clock_IBUF
    BUFGCTRL_X0Y1        BUFG (Prop_bufg_I_O)         0.077    13.000 r  clock_IBUF_BUFG_inst/O
                         net (fo=66, routed)          1.254    14.254    div0/clock_IBUF_BUFG
    SLICE_X34Y41                                                      r  div0/count_reg[22]/C
                         clock pessimism              0.242    14.496    
                         clock uncertainty           -0.035    14.461    
    SLICE_X34Y41         FDRE (Setup_fdre_C_R)       -0.423    14.038    div0/count_reg[22]
  -------------------------------------------------------------------
                         required time                         14.038    
                         arrival time                          -7.637    
  -------------------------------------------------------------------
                         slack                                  6.400    

Slack (MET) :             6.400ns  (required time - arrival time)
  Source:                 div0/count_reg[2]/C
                            (rising edge-triggered cell FDRE clocked by sys_clk_pin  {rise@0.000ns fall@5.000ns period=10.000ns})
  Destination:            div0/count_reg[23]/R
                            (rising edge-triggered cell FDRE clocked by sys_clk_pin  {rise@0.000ns fall@5.000ns period=10.000ns})
  Path Group:             sys_clk_pin
  Path Type:              Setup (Max at Slow Process Corner)
  Requirement:            10.000ns  (sys_clk_pin rise@10.000ns - sys_clk_pin rise@0.000ns)
  Data Path Delay:        3.117ns  (logic 0.643ns (20.628%)  route 2.474ns (79.372%))
  Logic Levels:           2  (LUT6=2)
  Clock Path Skew:        -0.024ns (DCD - SCD + CPR)
    Destination Clock Delay (DCD):    4.254ns = ( 14.254 - 10.000 ) 
    Source Clock Delay      (SCD):    4.520ns
    Clock Pessimism Removal (CPR):    0.242ns
  Clock Uncertainty:      0.035ns  ((TSJ^2 + TIJ^2)^1/2 + DJ) / 2 + PE
    Total System Jitter     (TSJ):    0.071ns
    Total Input Jitter      (TIJ):    0.000ns
    Discrete Jitter          (DJ):    0.000ns
    Phase Error              (PE):    0.000ns

    Location             Delay type                Incr(ns)  Path(ns)    Netlist Resource(s)
  -------------------------------------------------------------------    -------------------
                         (clock sys_clk_pin rise edge)
                                                      0.000     0.000 r  
    W5                                                0.000     0.000 r  clock
                         net (fo=0)                   0.000     0.000    clock
    W5                   IBUF (Prop_ibuf_I_O)         1.389     1.389 r  clock_IBUF_inst/O
                         net (fo=1, routed)           1.689     3.078    clock_IBUF
    BUFGCTRL_X0Y1        BUFG (Prop_bufg_I_O)         0.081     3.159 r  clock_IBUF_BUFG_inst/O
                         net (fo=66, routed)          1.361     4.520    div0/clock_IBUF_BUFG
    SLICE_X34Y36                                                      r  div0/count_reg[2]/C
  -------------------------------------------------------------------    -------------------
    SLICE_X34Y36         FDRE (Prop_fdre_C_Q)         0.433     4.953 f  div0/count_reg[2]/Q
                         net (fo=5, routed)           1.070     6.023    div0/n_0_count_reg[2]
    SLICE_X35Y39         LUT6 (Prop_lut6_I3_O)        0.105     6.128 r  div0/count[31]_i_5__0/O
                         net (fo=1, routed)           0.652     6.780    div0/n_0_count[31]_i_5__0
    SLICE_X35Y40         LUT6 (Prop_lut6_I2_O)        0.105     6.885 r  div0/count[31]_i_1/O
                         net (fo=32, routed)          0.752     7.637    div0/n_0_count[31]_i_1
    SLICE_X34Y41         FDRE                                         r  div0/count_reg[23]/R
  -------------------------------------------------------------------    -------------------

                         (clock sys_clk_pin rise edge)
                                                     10.000    10.000 r  
    W5                                                0.000    10.000 r  clock
                         net (fo=0)                   0.000    10.000    clock
    W5                   IBUF (Prop_ibuf_I_O)         1.324    11.324 r  clock_IBUF_inst/O
                         net (fo=1, routed)           1.599    12.923    clock_IBUF
    BUFGCTRL_X0Y1        BUFG (Prop_bufg_I_O)         0.077    13.000 r  clock_IBUF_BUFG_inst/O
                         net (fo=66, routed)          1.254    14.254    div0/clock_IBUF_BUFG
    SLICE_X34Y41                                                      r  div0/count_reg[23]/C
                         clock pessimism              0.242    14.496    
                         clock uncertainty           -0.035    14.461    
    SLICE_X34Y41         FDRE (Setup_fdre_C_R)       -0.423    14.038    div0/count_reg[23]
  -------------------------------------------------------------------
                         required time                         14.038    
                         arrival time                          -7.637    
  -------------------------------------------------------------------
                         slack                                  6.400    

Slack (MET) :             6.400ns  (required time - arrival time)
  Source:                 div0/count_reg[2]/C
                            (rising edge-triggered cell FDRE clocked by sys_clk_pin  {rise@0.000ns fall@5.000ns period=10.000ns})
  Destination:            div0/count_reg[24]/R
                            (rising edge-triggered cell FDRE clocked by sys_clk_pin  {rise@0.000ns fall@5.000ns period=10.000ns})
  Path Group:             sys_clk_pin
  Path Type:              Setup (Max at Slow Process Corner)
  Requirement:            10.000ns  (sys_clk_pin rise@10.000ns - sys_clk_pin rise@0.000ns)
  Data Path Delay:        3.117ns  (logic 0.643ns (20.628%)  route 2.474ns (79.372%))
  Logic Levels:           2  (LUT6=2)
  Clock Path Skew:        -0.024ns (DCD - SCD + CPR)
    Destination Clock Delay (DCD):    4.254ns = ( 14.254 - 10.000 ) 
    Source Clock Delay      (SCD):    4.520ns
    Clock Pessimism Removal (CPR):    0.242ns
  Clock Uncertainty:      0.035ns  ((TSJ^2 + TIJ^2)^1/2 + DJ) / 2 + PE
    Total System Jitter     (TSJ):    0.071ns
    Total Input Jitter      (TIJ):    0.000ns
    Discrete Jitter          (DJ):    0.000ns
    Phase Error              (PE):    0.000ns

    Location             Delay type                Incr(ns)  Path(ns)    Netlist Resource(s)
  -------------------------------------------------------------------    -------------------
                         (clock sys_clk_pin rise edge)
                                                      0.000     0.000 r  
    W5                                                0.000     0.000 r  clock
                         net (fo=0)                   0.000     0.000    clock
    W5                   IBUF (Prop_ibuf_I_O)         1.389     1.389 r  clock_IBUF_inst/O
                         net (fo=1, routed)           1.689     3.078    clock_IBUF
    BUFGCTRL_X0Y1        BUFG (Prop_bufg_I_O)         0.081     3.159 r  clock_IBUF_BUFG_inst/O
                         net (fo=66, routed)          1.361     4.520    div0/clock_IBUF_BUFG
    SLICE_X34Y36                                                      r  div0/count_reg[2]/C
  -------------------------------------------------------------------    -------------------
    SLICE_X34Y36         FDRE (Prop_fdre_C_Q)         0.433     4.953 f  div0/count_reg[2]/Q
                         net (fo=5, routed)           1.070     6.023    div0/n_0_count_reg[2]
    SLICE_X35Y39         LUT6 (Prop_lut6_I3_O)        0.105     6.128 r  div0/count[31]_i_5__0/O
                         net (fo=1, routed)           0.652     6.780    div0/n_0_count[31]_i_5__0
    SLICE_X35Y40         LUT6 (Prop_lut6_I2_O)        0.105     6.885 r  div0/count[31]_i_1/O
                         net (fo=32, routed)          0.752     7.637    div0/n_0_count[31]_i_1
    SLICE_X34Y41         FDRE                                         r  div0/count_reg[24]/R
  -------------------------------------------------------------------    -------------------

                         (clock sys_clk_pin rise edge)
                                                     10.000    10.000 r  
    W5                                                0.000    10.000 r  clock
                         net (fo=0)                   0.000    10.000    clock
    W5                   IBUF (Prop_ibuf_I_O)         1.324    11.324 r  clock_IBUF_inst/O
                         net (fo=1, routed)           1.599    12.923    clock_IBUF
    BUFGCTRL_X0Y1        BUFG (Prop_bufg_I_O)         0.077    13.000 r  clock_IBUF_BUFG_inst/O
                         net (fo=66, routed)          1.254    14.254    div0/clock_IBUF_BUFG
    SLICE_X34Y41                                                      r  div0/count_reg[24]/C
                         clock pessimism              0.242    14.496    
                         clock uncertainty           -0.035    14.461    
    SLICE_X34Y41         FDRE (Setup_fdre_C_R)       -0.423    14.038    div0/count_reg[24]
  -------------------------------------------------------------------
                         required time                         14.038    
                         arrival time                          -7.637    
  -------------------------------------------------------------------
                         slack                                  6.400    

Slack (MET) :             6.478ns  (required time - arrival time)
  Source:                 div1/count_reg[2]/C
                            (rising edge-triggered cell FDRE clocked by sys_clk_pin  {rise@0.000ns fall@5.000ns period=10.000ns})
  Destination:            div1/count_reg[0]/R
                            (rising edge-triggered cell FDRE clocked by sys_clk_pin  {rise@0.000ns fall@5.000ns period=10.000ns})
  Path Group:             sys_clk_pin
  Path Type:              Setup (Max at Slow Process Corner)
  Requirement:            10.000ns  (sys_clk_pin rise@10.000ns - sys_clk_pin rise@0.000ns)
  Data Path Delay:        3.035ns  (logic 0.589ns (19.404%)  route 2.446ns (80.596%))
  Logic Levels:           2  (LUT6=2)
  Clock Path Skew:        -0.028ns (DCD - SCD + CPR)
    Destination Clock Delay (DCD):    4.330ns = ( 14.330 - 10.000 ) 
    Source Clock Delay      (SCD):    4.599ns
    Clock Pessimism Removal (CPR):    0.241ns
  Clock Uncertainty:      0.035ns  ((TSJ^2 + TIJ^2)^1/2 + DJ) / 2 + PE
    Total System Jitter     (TSJ):    0.071ns
    Total Input Jitter      (TIJ):    0.000ns
    Discrete Jitter          (DJ):    0.000ns
    Phase Error              (PE):    0.000ns

    Location             Delay type                Incr(ns)  Path(ns)    Netlist Resource(s)
  -------------------------------------------------------------------    -------------------
                         (clock sys_clk_pin rise edge)
                                                      0.000     0.000 r  
    W5                                                0.000     0.000 r  clock
                         net (fo=0)                   0.000     0.000    clock
    W5                   IBUF (Prop_ibuf_I_O)         1.389     1.389 r  clock_IBUF_inst/O
                         net (fo=1, routed)           1.689     3.078    clock_IBUF
    BUFGCTRL_X0Y1        BUFG (Prop_bufg_I_O)         0.081     3.159 r  clock_IBUF_BUFG_inst/O
                         net (fo=66, routed)          1.440     4.599    div1/clock_IBUF_BUFG
    SLICE_X1Y3                                                        r  div1/count_reg[2]/C
  -------------------------------------------------------------------    -------------------
    SLICE_X1Y3           FDRE (Prop_fdre_C_Q)         0.379     4.978 r  div1/count_reg[2]/Q
                         net (fo=4, routed)           1.033     6.011    div1/count[2]
    SLICE_X2Y6           LUT6 (Prop_lut6_I5_O)        0.105     6.116 r  div1/count[31]_i_6/O
                         net (fo=1, routed)           0.658     6.774    div1/n_0_count[31]_i_6
    SLICE_X2Y7           LUT6 (Prop_lut6_I3_O)        0.105     6.879 r  div1/count[31]_i_1__0/O
                         net (fo=32, routed)          0.756     7.634    div1/n_0_count[31]_i_1__0
    SLICE_X2Y4           FDRE                                         r  div1/count_reg[0]/R
  -------------------------------------------------------------------    -------------------

                         (clock sys_clk_pin rise edge)
                                                     10.000    10.000 r  
    W5                                                0.000    10.000 r  clock
                         net (fo=0)                   0.000    10.000    clock
    W5                   IBUF (Prop_ibuf_I_O)         1.324    11.324 r  clock_IBUF_inst/O
                         net (fo=1, routed)           1.599    12.923    clock_IBUF
    BUFGCTRL_X0Y1        BUFG (Prop_bufg_I_O)         0.077    13.000 r  clock_IBUF_BUFG_inst/O
                         net (fo=66, routed)          1.330    14.330    div1/clock_IBUF_BUFG
    SLICE_X2Y4                                                        r  div1/count_reg[0]/C
                         clock pessimism              0.241    14.571    
                         clock uncertainty           -0.035    14.536    
    SLICE_X2Y4           FDRE (Setup_fdre_C_R)       -0.423    14.113    div1/count_reg[0]
  -------------------------------------------------------------------
                         required time                         14.113    
                         arrival time                          -7.634    
  -------------------------------------------------------------------
                         slack                                  6.478    

Slack (MET) :             6.502ns  (required time - arrival time)
  Source:                 div0/count_reg[2]/C
                            (rising edge-triggered cell FDRE clocked by sys_clk_pin  {rise@0.000ns fall@5.000ns period=10.000ns})
  Destination:            div0/count_reg[25]/R
                            (rising edge-triggered cell FDRE clocked by sys_clk_pin  {rise@0.000ns fall@5.000ns period=10.000ns})
  Path Group:             sys_clk_pin
  Path Type:              Setup (Max at Slow Process Corner)
  Requirement:            10.000ns  (sys_clk_pin rise@10.000ns - sys_clk_pin rise@0.000ns)
  Data Path Delay:        3.016ns  (logic 0.643ns (21.319%)  route 2.373ns (78.681%))
  Logic Levels:           2  (LUT6=2)
  Clock Path Skew:        -0.023ns (DCD - SCD + CPR)
    Destination Clock Delay (DCD):    4.255ns = ( 14.255 - 10.000 ) 
    Source Clock Delay      (SCD):    4.520ns
    Clock Pessimism Removal (CPR):    0.242ns
  Clock Uncertainty:      0.035ns  ((TSJ^2 + TIJ^2)^1/2 + DJ) / 2 + PE
    Total System Jitter     (TSJ):    0.071ns
    Total Input Jitter      (TIJ):    0.000ns
    Discrete Jitter          (DJ):    0.000ns
    Phase Error              (PE):    0.000ns

    Location             Delay type                Incr(ns)  Path(ns)    Netlist Resource(s)
  -------------------------------------------------------------------    -------------------
                         (clock sys_clk_pin rise edge)
                                                      0.000     0.000 r  
    W5                                                0.000     0.000 r  clock
                         net (fo=0)                   0.000     0.000    clock
    W5                   IBUF (Prop_ibuf_I_O)         1.389     1.389 r  clock_IBUF_inst/O
                         net (fo=1, routed)           1.689     3.078    clock_IBUF
    BUFGCTRL_X0Y1        BUFG (Prop_bufg_I_O)         0.081     3.159 r  clock_IBUF_BUFG_inst/O
                         net (fo=66, routed)          1.361     4.520    div0/clock_IBUF_BUFG
    SLICE_X34Y36                                                      r  div0/count_reg[2]/C
  -------------------------------------------------------------------    -------------------
    SLICE_X34Y36         FDRE (Prop_fdre_C_Q)         0.433     4.953 f  div0/count_reg[2]/Q
                         net (fo=5, routed)           1.070     6.023    div0/n_0_count_reg[2]
    SLICE_X35Y39         LUT6 (Prop_lut6_I3_O)        0.105     6.128 r  div0/count[31]_i_5__0/O
                         net (fo=1, routed)           0.652     6.780    div0/n_0_count[31]_i_5__0
    SLICE_X35Y40         LUT6 (Prop_lut6_I2_O)        0.105     6.885 r  div0/count[31]_i_1/O
                         net (fo=32, routed)          0.651     7.536    div0/n_0_count[31]_i_1
    SLICE_X34Y42         FDRE                                         r  div0/count_reg[25]/R
  -------------------------------------------------------------------    -------------------

                         (clock sys_clk_pin rise edge)
                                                     10.000    10.000 r  
    W5                                                0.000    10.000 r  clock
                         net (fo=0)                   0.000    10.000    clock
    W5                   IBUF (Prop_ibuf_I_O)         1.324    11.324 r  clock_IBUF_inst/O
                         net (fo=1, routed)           1.599    12.923    clock_IBUF
    BUFGCTRL_X0Y1        BUFG (Prop_bufg_I_O)         0.077    13.000 r  clock_IBUF_BUFG_inst/O
                         net (fo=66, routed)          1.255    14.255    div0/clock_IBUF_BUFG
    SLICE_X34Y42                                                      r  div0/count_reg[25]/C
                         clock pessimism              0.242    14.497    
                         clock uncertainty           -0.035    14.462    
    SLICE_X34Y42         FDRE (Setup_fdre_C_R)       -0.423    14.039    div0/count_reg[25]
  -------------------------------------------------------------------
                         required time                         14.039    
                         arrival time                          -7.536    
  -------------------------------------------------------------------
                         slack                                  6.502    

Slack (MET) :             6.502ns  (required time - arrival time)
  Source:                 div0/count_reg[2]/C
                            (rising edge-triggered cell FDRE clocked by sys_clk_pin  {rise@0.000ns fall@5.000ns period=10.000ns})
  Destination:            div0/count_reg[26]/R
                            (rising edge-triggered cell FDRE clocked by sys_clk_pin  {rise@0.000ns fall@5.000ns period=10.000ns})
  Path Group:             sys_clk_pin
  Path Type:              Setup (Max at Slow Process Corner)
  Requirement:            10.000ns  (sys_clk_pin rise@10.000ns - sys_clk_pin rise@0.000ns)
  Data Path Delay:        3.016ns  (logic 0.643ns (21.319%)  route 2.373ns (78.681%))
  Logic Levels:           2  (LUT6=2)
  Clock Path Skew:        -0.023ns (DCD - SCD + CPR)
    Destination Clock Delay (DCD):    4.255ns = ( 14.255 - 10.000 ) 
    Source Clock Delay      (SCD):    4.520ns
    Clock Pessimism Removal (CPR):    0.242ns
  Clock Uncertainty:      0.035ns  ((TSJ^2 + TIJ^2)^1/2 + DJ) / 2 + PE
    Total System Jitter     (TSJ):    0.071ns
    Total Input Jitter      (TIJ):    0.000ns
    Discrete Jitter          (DJ):    0.000ns
    Phase Error              (PE):    0.000ns

    Location             Delay type                Incr(ns)  Path(ns)    Netlist Resource(s)
  -------------------------------------------------------------------    -------------------
                         (clock sys_clk_pin rise edge)
                                                      0.000     0.000 r  
    W5                                                0.000     0.000 r  clock
                         net (fo=0)                   0.000     0.000    clock
    W5                   IBUF (Prop_ibuf_I_O)         1.389     1.389 r  clock_IBUF_inst/O
                         net (fo=1, routed)           1.689     3.078    clock_IBUF
    BUFGCTRL_X0Y1        BUFG (Prop_bufg_I_O)         0.081     3.159 r  clock_IBUF_BUFG_inst/O
                         net (fo=66, routed)          1.361     4.520    div0/clock_IBUF_BUFG
    SLICE_X34Y36                                                      r  div0/count_reg[2]/C
  -------------------------------------------------------------------    -------------------
    SLICE_X34Y36         FDRE (Prop_fdre_C_Q)         0.433     4.953 f  div0/count_reg[2]/Q
                         net (fo=5, routed)           1.070     6.023    div0/n_0_count_reg[2]
    SLICE_X35Y39         LUT6 (Prop_lut6_I3_O)        0.105     6.128 r  div0/count[31]_i_5__0/O
                         net (fo=1, routed)           0.652     6.780    div0/n_0_count[31]_i_5__0
    SLICE_X35Y40         LUT6 (Prop_lut6_I2_O)        0.105     6.885 r  div0/count[31]_i_1/O
                         net (fo=32, routed)          0.651     7.536    div0/n_0_count[31]_i_1
    SLICE_X34Y42         FDRE                                         r  div0/count_reg[26]/R
  -------------------------------------------------------------------    -------------------

                         (clock sys_clk_pin rise edge)
                                                     10.000    10.000 r  
    W5                                                0.000    10.000 r  clock
                         net (fo=0)                   0.000    10.000    clock
    W5                   IBUF (Prop_ibuf_I_O)         1.324    11.324 r  clock_IBUF_inst/O
                         net (fo=1, routed)           1.599    12.923    clock_IBUF
    BUFGCTRL_X0Y1        BUFG (Prop_bufg_I_O)         0.077    13.000 r  clock_IBUF_BUFG_inst/O
                         net (fo=66, routed)          1.255    14.255    div0/clock_IBUF_BUFG
    SLICE_X34Y42                                                      r  div0/count_reg[26]/C
                         clock pessimism              0.242    14.497    
                         clock uncertainty           -0.035    14.462    
    SLICE_X34Y42         FDRE (Setup_fdre_C_R)       -0.423    14.039    div0/count_reg[26]
  -------------------------------------------------------------------
                         required time                         14.039    
                         arrival time                          -7.536    
  -------------------------------------------------------------------
                         slack                                  6.502    





Min Delay Paths
--------------------------------------------------------------------------------------
Slack (MET) :             0.262ns  (arrival time - required time)
  Source:                 div1/count_reg[8]/C
                            (rising edge-triggered cell FDRE clocked by sys_clk_pin  {rise@0.000ns fall@5.000ns period=10.000ns})
  Destination:            div1/count_reg[8]/D
                            (rising edge-triggered cell FDRE clocked by sys_clk_pin  {rise@0.000ns fall@5.000ns period=10.000ns})
  Path Group:             sys_clk_pin
  Path Type:              Hold (Min at Fast Process Corner)
  Requirement:            0.000ns  (sys_clk_pin rise@0.000ns - sys_clk_pin rise@0.000ns)
  Data Path Delay:        0.367ns  (logic 0.249ns (67.820%)  route 0.118ns (32.180%))
  Logic Levels:           1  (CARRY4=1)
  Clock Path Skew:        0.000ns (DCD - SCD - CPR)
    Destination Clock Delay (DCD):    1.993ns
    Source Clock Delay      (SCD):    1.478ns
    Clock Pessimism Removal (CPR):    0.515ns

    Location             Delay type                Incr(ns)  Path(ns)    Netlist Resource(s)
  -------------------------------------------------------------------    -------------------
                         (clock sys_clk_pin rise edge)
                                                      0.000     0.000 r  
    W5                                                0.000     0.000 r  clock
                         net (fo=0)                   0.000     0.000    clock
    W5                   IBUF (Prop_ibuf_I_O)         0.226     0.226 r  clock_IBUF_inst/O
                         net (fo=1, routed)           0.631     0.858    clock_IBUF
    BUFGCTRL_X0Y1        BUFG (Prop_bufg_I_O)         0.026     0.884 r  clock_IBUF_BUFG_inst/O
                         net (fo=66, routed)          0.595     1.478    div1/clock_IBUF_BUFG
    SLICE_X1Y4                                                        r  div1/count_reg[8]/C
  -------------------------------------------------------------------    -------------------
    SLICE_X1Y4           FDRE (Prop_fdre_C_Q)         0.141     1.619 r  div1/count_reg[8]/Q
                         net (fo=5, routed)           0.118     1.737    div1/count[8]
    SLICE_X1Y4           CARRY4 (Prop_carry4_S[3]_O[3])
                                                      0.108     1.845 r  div1/count_reg[8]_i_1/O[3]
                         net (fo=1, routed)           0.000     1.845    div1/data0[8]
    SLICE_X1Y4           FDRE                                         r  div1/count_reg[8]/D
  -------------------------------------------------------------------    -------------------

                         (clock sys_clk_pin rise edge)
                                                      0.000     0.000 r  
    W5                                                0.000     0.000 r  clock
                         net (fo=0)                   0.000     0.000    clock
    W5                   IBUF (Prop_ibuf_I_O)         0.414     0.414 r  clock_IBUF_inst/O
                         net (fo=1, routed)           0.685     1.099    clock_IBUF
    BUFGCTRL_X0Y1        BUFG (Prop_bufg_I_O)         0.029     1.128 r  clock_IBUF_BUFG_inst/O
                         net (fo=66, routed)          0.866     1.993    div1/clock_IBUF_BUFG
    SLICE_X1Y4                                                        r  div1/count_reg[8]/C
                         clock pessimism             -0.515     1.478    
    SLICE_X1Y4           FDRE (Hold_fdre_C_D)         0.105     1.583    div1/count_reg[8]
  -------------------------------------------------------------------
                         required time                         -1.583    
                         arrival time                           1.845    
  -------------------------------------------------------------------
                         slack                                  0.262    

Slack (MET) :             0.262ns  (arrival time - required time)
  Source:                 div1/count_reg[4]/C
                            (rising edge-triggered cell FDRE clocked by sys_clk_pin  {rise@0.000ns fall@5.000ns period=10.000ns})
  Destination:            div1/count_reg[4]/D
                            (rising edge-triggered cell FDRE clocked by sys_clk_pin  {rise@0.000ns fall@5.000ns period=10.000ns})
  Path Group:             sys_clk_pin
  Path Type:              Hold (Min at Fast Process Corner)
  Requirement:            0.000ns  (sys_clk_pin rise@0.000ns - sys_clk_pin rise@0.000ns)
  Data Path Delay:        0.367ns  (logic 0.249ns (67.804%)  route 0.118ns (32.196%))
  Logic Levels:           1  (CARRY4=1)
  Clock Path Skew:        0.000ns (DCD - SCD - CPR)
    Destination Clock Delay (DCD):    1.993ns
    Source Clock Delay      (SCD):    1.478ns
    Clock Pessimism Removal (CPR):    0.515ns

    Location             Delay type                Incr(ns)  Path(ns)    Netlist Resource(s)
  -------------------------------------------------------------------    -------------------
                         (clock sys_clk_pin rise edge)
                                                      0.000     0.000 r  
    W5                                                0.000     0.000 r  clock
                         net (fo=0)                   0.000     0.000    clock
    W5                   IBUF (Prop_ibuf_I_O)         0.226     0.226 r  clock_IBUF_inst/O
                         net (fo=1, routed)           0.631     0.858    clock_IBUF
    BUFGCTRL_X0Y1        BUFG (Prop_bufg_I_O)         0.026     0.884 r  clock_IBUF_BUFG_inst/O
                         net (fo=66, routed)          0.595     1.478    div1/clock_IBUF_BUFG
    SLICE_X1Y3                                                        r  div1/count_reg[4]/C
  -------------------------------------------------------------------    -------------------
    SLICE_X1Y3           FDRE (Prop_fdre_C_Q)         0.141     1.619 r  div1/count_reg[4]/Q
                         net (fo=4, routed)           0.118     1.737    div1/count[4]
    SLICE_X1Y3           CARRY4 (Prop_carry4_S[3]_O[3])
                                                      0.108     1.845 r  div1/count_reg[4]_i_1/O[3]
                         net (fo=1, routed)           0.000     1.845    div1/data0[4]
    SLICE_X1Y3           FDRE                                         r  div1/count_reg[4]/D
  -------------------------------------------------------------------    -------------------

                         (clock sys_clk_pin rise edge)
                                                      0.000     0.000 r  
    W5                                                0.000     0.000 r  clock
                         net (fo=0)                   0.000     0.000    clock
    W5                   IBUF (Prop_ibuf_I_O)         0.414     0.414 r  clock_IBUF_inst/O
                         net (fo=1, routed)           0.685     1.099    clock_IBUF
    BUFGCTRL_X0Y1        BUFG (Prop_bufg_I_O)         0.029     1.128 r  clock_IBUF_BUFG_inst/O
                         net (fo=66, routed)          0.866     1.993    div1/clock_IBUF_BUFG
    SLICE_X1Y3                                                        r  div1/count_reg[4]/C
                         clock pessimism             -0.515     1.478    
    SLICE_X1Y3           FDRE (Hold_fdre_C_D)         0.105     1.583    div1/count_reg[4]
  -------------------------------------------------------------------
                         required time                         -1.583    
                         arrival time                           1.845    
  -------------------------------------------------------------------
                         slack                                  0.262    

Slack (MET) :             0.263ns  (arrival time - required time)
  Source:                 div1/count_reg[5]/C
                            (rising edge-triggered cell FDRE clocked by sys_clk_pin  {rise@0.000ns fall@5.000ns period=10.000ns})
  Destination:            div1/count_reg[5]/D
                            (rising edge-triggered cell FDRE clocked by sys_clk_pin  {rise@0.000ns fall@5.000ns period=10.000ns})
  Path Group:             sys_clk_pin
  Path Type:              Hold (Min at Fast Process Corner)
  Requirement:            0.000ns  (sys_clk_pin rise@0.000ns - sys_clk_pin rise@0.000ns)
  Data Path Delay:        0.368ns  (logic 0.256ns (69.474%)  route 0.112ns (30.526%))
  Logic Levels:           1  (CARRY4=1)
  Clock Path Skew:        0.000ns (DCD - SCD - CPR)
    Destination Clock Delay (DCD):    1.993ns
    Source Clock Delay      (SCD):    1.478ns
    Clock Pessimism Removal (CPR):    0.515ns

    Location             Delay type                Incr(ns)  Path(ns)    Netlist Resource(s)
  -------------------------------------------------------------------    -------------------
                         (clock sys_clk_pin rise edge)
                                                      0.000     0.000 r  
    W5                                                0.000     0.000 r  clock
                         net (fo=0)                   0.000     0.000    clock
    W5                   IBUF (Prop_ibuf_I_O)         0.226     0.226 r  clock_IBUF_inst/O
                         net (fo=1, routed)           0.631     0.858    clock_IBUF
    BUFGCTRL_X0Y1        BUFG (Prop_bufg_I_O)         0.026     0.884 r  clock_IBUF_BUFG_inst/O
                         net (fo=66, routed)          0.595     1.478    div1/clock_IBUF_BUFG
    SLICE_X1Y4                                                        r  div1/count_reg[5]/C
  -------------------------------------------------------------------    -------------------
    SLICE_X1Y4           FDRE (Prop_fdre_C_Q)         0.141     1.619 r  div1/count_reg[5]/Q
                         net (fo=4, routed)           0.112     1.732    div1/count[5]
    SLICE_X1Y4           CARRY4 (Prop_carry4_S[0]_O[0])
                                                      0.115     1.847 r  div1/count_reg[8]_i_1/O[0]
                         net (fo=1, routed)           0.000     1.847    div1/data0[5]
    SLICE_X1Y4           FDRE                                         r  div1/count_reg[5]/D
  -------------------------------------------------------------------    -------------------

                         (clock sys_clk_pin rise edge)
                                                      0.000     0.000 r  
    W5                                                0.000     0.000 r  clock
                         net (fo=0)                   0.000     0.000    clock
    W5                   IBUF (Prop_ibuf_I_O)         0.414     0.414 r  clock_IBUF_inst/O
                         net (fo=1, routed)           0.685     1.099    clock_IBUF
    BUFGCTRL_X0Y1        BUFG (Prop_bufg_I_O)         0.029     1.128 r  clock_IBUF_BUFG_inst/O
                         net (fo=66, routed)          0.866     1.993    div1/clock_IBUF_BUFG
    SLICE_X1Y4                                                        r  div1/count_reg[5]/C
                         clock pessimism             -0.515     1.478    
    SLICE_X1Y4           FDRE (Hold_fdre_C_D)         0.105     1.583    div1/count_reg[5]
  -------------------------------------------------------------------
                         required time                         -1.583    
                         arrival time                           1.847    
  -------------------------------------------------------------------
                         slack                                  0.263    

Slack (MET) :             0.264ns  (arrival time - required time)
  Source:                 div0/count_reg[31]/C
                            (rising edge-triggered cell FDRE clocked by sys_clk_pin  {rise@0.000ns fall@5.000ns period=10.000ns})
  Destination:            div0/count_reg[31]/D
                            (rising edge-triggered cell FDRE clocked by sys_clk_pin  {rise@0.000ns fall@5.000ns period=10.000ns})
  Path Group:             sys_clk_pin
  Path Type:              Hold (Min at Fast Process Corner)
  Requirement:            0.000ns  (sys_clk_pin rise@0.000ns - sys_clk_pin rise@0.000ns)
  Data Path Delay:        0.398ns  (logic 0.274ns (68.900%)  route 0.124ns (31.100%))
  Logic Levels:           1  (CARRY4=1)
  Clock Path Skew:        0.000ns (DCD - SCD - CPR)
    Destination Clock Delay (DCD):    1.958ns
    Source Clock Delay      (SCD):    1.445ns
    Clock Pessimism Removal (CPR):    0.513ns

    Location             Delay type                Incr(ns)  Path(ns)    Netlist Resource(s)
  -------------------------------------------------------------------    -------------------
                         (clock sys_clk_pin rise edge)
                                                      0.000     0.000 r  
    W5                                                0.000     0.000 r  clock
                         net (fo=0)                   0.000     0.000    clock
    W5                   IBUF (Prop_ibuf_I_O)         0.226     0.226 r  clock_IBUF_inst/O
                         net (fo=1, routed)           0.631     0.858    clock_IBUF
    BUFGCTRL_X0Y1        BUFG (Prop_bufg_I_O)         0.026     0.884 r  clock_IBUF_BUFG_inst/O
                         net (fo=66, routed)          0.562     1.445    div0/clock_IBUF_BUFG
    SLICE_X34Y43                                                      r  div0/count_reg[31]/C
  -------------------------------------------------------------------    -------------------
    SLICE_X34Y43         FDRE (Prop_fdre_C_Q)         0.164     1.609 r  div0/count_reg[31]/Q
                         net (fo=6, routed)           0.124     1.733    div0/n_0_count_reg[31]
    SLICE_X34Y43         CARRY4 (Prop_carry4_S[2]_O[2])
                                                      0.110     1.843 r  div0/count_reg[31]_i_2/O[2]
                         net (fo=1, routed)           0.000     1.843    div0/n_5_count_reg[31]_i_2
    SLICE_X34Y43         FDRE                                         r  div0/count_reg[31]/D
  -------------------------------------------------------------------    -------------------

                         (clock sys_clk_pin rise edge)
                                                      0.000     0.000 r  
    W5                                                0.000     0.000 r  clock
                         net (fo=0)                   0.000     0.000    clock
    W5                   IBUF (Prop_ibuf_I_O)         0.414     0.414 r  clock_IBUF_inst/O
                         net (fo=1, routed)           0.685     1.099    clock_IBUF
    BUFGCTRL_X0Y1        BUFG (Prop_bufg_I_O)         0.029     1.128 r  clock_IBUF_BUFG_inst/O
                         net (fo=66, routed)          0.831     1.958    div0/clock_IBUF_BUFG
    SLICE_X34Y43                                                      r  div0/count_reg[31]/C
                         clock pessimism             -0.513     1.445    
    SLICE_X34Y43         FDRE (Hold_fdre_C_D)         0.134     1.579    div0/count_reg[31]
  -------------------------------------------------------------------
                         required time                         -1.579    
                         arrival time                           1.843    
  -------------------------------------------------------------------
                         slack                                  0.264    

Slack (MET) :             0.264ns  (arrival time - required time)
  Source:                 div0/count_reg[3]/C
                            (rising edge-triggered cell FDRE clocked by sys_clk_pin  {rise@0.000ns fall@5.000ns period=10.000ns})
  Destination:            div0/count_reg[3]/D
                            (rising edge-triggered cell FDRE clocked by sys_clk_pin  {rise@0.000ns fall@5.000ns period=10.000ns})
  Path Group:             sys_clk_pin
  Path Type:              Hold (Min at Fast Process Corner)
  Requirement:            0.000ns  (sys_clk_pin rise@0.000ns - sys_clk_pin rise@0.000ns)
  Data Path Delay:        0.398ns  (logic 0.274ns (68.886%)  route 0.124ns (31.114%))
  Logic Levels:           1  (CARRY4=1)
  Clock Path Skew:        0.000ns (DCD - SCD - CPR)
    Destination Clock Delay (DCD):    1.953ns
    Source Clock Delay      (SCD):    1.441ns
    Clock Pessimism Removal (CPR):    0.512ns

    Location             Delay type                Incr(ns)  Path(ns)    Netlist Resource(s)
  -------------------------------------------------------------------    -------------------
                         (clock sys_clk_pin rise edge)
                                                      0.000     0.000 r  
    W5                                                0.000     0.000 r  clock
                         net (fo=0)                   0.000     0.000    clock
    W5                   IBUF (Prop_ibuf_I_O)         0.226     0.226 r  clock_IBUF_inst/O
                         net (fo=1, routed)           0.631     0.858    clock_IBUF
    BUFGCTRL_X0Y1        BUFG (Prop_bufg_I_O)         0.026     0.884 r  clock_IBUF_BUFG_inst/O
                         net (fo=66, routed)          0.558     1.441    div0/clock_IBUF_BUFG
    SLICE_X34Y36                                                      r  div0/count_reg[3]/C
  -------------------------------------------------------------------    -------------------
    SLICE_X34Y36         FDRE (Prop_fdre_C_Q)         0.164     1.605 r  div0/count_reg[3]/Q
                         net (fo=5, routed)           0.124     1.729    div0/n_0_count_reg[3]
    SLICE_X34Y36         CARRY4 (Prop_carry4_S[2]_O[2])
                                                      0.110     1.839 r  div0/count_reg[4]_i_1/O[2]
                         net (fo=1, routed)           0.000     1.839    div0/n_5_count_reg[4]_i_1
    SLICE_X34Y36         FDRE                                         r  div0/count_reg[3]/D
  -------------------------------------------------------------------    -------------------

                         (clock sys_clk_pin rise edge)
                                                      0.000     0.000 r  
    W5                                                0.000     0.000 r  clock
                         net (fo=0)                   0.000     0.000    clock
    W5                   IBUF (Prop_ibuf_I_O)         0.414     0.414 r  clock_IBUF_inst/O
                         net (fo=1, routed)           0.685     1.099    clock_IBUF
    BUFGCTRL_X0Y1        BUFG (Prop_bufg_I_O)         0.029     1.128 r  clock_IBUF_BUFG_inst/O
                         net (fo=66, routed)          0.826     1.953    div0/clock_IBUF_BUFG
    SLICE_X34Y36                                                      r  div0/count_reg[3]/C
                         clock pessimism             -0.512     1.441    
    SLICE_X34Y36         FDRE (Hold_fdre_C_D)         0.134     1.575    div0/count_reg[3]
  -------------------------------------------------------------------
                         required time                         -1.575    
                         arrival time                           1.839    
  -------------------------------------------------------------------
                         slack                                  0.264    

Slack (MET) :             0.266ns  (arrival time - required time)
  Source:                 div1/count_reg[31]/C
                            (rising edge-triggered cell FDRE clocked by sys_clk_pin  {rise@0.000ns fall@5.000ns period=10.000ns})
  Destination:            div1/count_reg[31]/D
                            (rising edge-triggered cell FDRE clocked by sys_clk_pin  {rise@0.000ns fall@5.000ns period=10.000ns})
  Path Group:             sys_clk_pin
  Path Type:              Hold (Min at Fast Process Corner)
  Requirement:            0.000ns  (sys_clk_pin rise@0.000ns - sys_clk_pin rise@0.000ns)
  Data Path Delay:        0.371ns  (logic 0.252ns (67.984%)  route 0.119ns (32.016%))
  Logic Levels:           1  (CARRY4=1)
  Clock Path Skew:        0.000ns (DCD - SCD - CPR)
    Destination Clock Delay (DCD):    1.991ns
    Source Clock Delay      (SCD):    1.476ns
    Clock Pessimism Removal (CPR):    0.515ns

    Location             Delay type                Incr(ns)  Path(ns)    Netlist Resource(s)
  -------------------------------------------------------------------    -------------------
                         (clock sys_clk_pin rise edge)
                                                      0.000     0.000 r  
    W5                                                0.000     0.000 r  clock
                         net (fo=0)                   0.000     0.000    clock
    W5                   IBUF (Prop_ibuf_I_O)         0.226     0.226 r  clock_IBUF_inst/O
                         net (fo=1, routed)           0.631     0.858    clock_IBUF
    BUFGCTRL_X0Y1        BUFG (Prop_bufg_I_O)         0.026     0.884 r  clock_IBUF_BUFG_inst/O
                         net (fo=66, routed)          0.593     1.476    div1/clock_IBUF_BUFG
    SLICE_X1Y10                                                       r  div1/count_reg[31]/C
  -------------------------------------------------------------------    -------------------
    SLICE_X1Y10          FDRE (Prop_fdre_C_Q)         0.141     1.617 r  div1/count_reg[31]/Q
                         net (fo=6, routed)           0.119     1.736    div1/count[31]
    SLICE_X1Y10          CARRY4 (Prop_carry4_S[2]_O[2])
                                                      0.111     1.847 r  div1/count_reg[31]_i_2/O[2]
                         net (fo=1, routed)           0.000     1.847    div1/data0[31]
    SLICE_X1Y10          FDRE                                         r  div1/count_reg[31]/D
  -------------------------------------------------------------------    -------------------

                         (clock sys_clk_pin rise edge)
                                                      0.000     0.000 r  
    W5                                                0.000     0.000 r  clock
                         net (fo=0)                   0.000     0.000    clock
    W5                   IBUF (Prop_ibuf_I_O)         0.414     0.414 r  clock_IBUF_inst/O
                         net (fo=1, routed)           0.685     1.099    clock_IBUF
    BUFGCTRL_X0Y1        BUFG (Prop_bufg_I_O)         0.029     1.128 r  clock_IBUF_BUFG_inst/O
                         net (fo=66, routed)          0.864     1.991    div1/clock_IBUF_BUFG
    SLICE_X1Y10                                                       r  div1/count_reg[31]/C
                         clock pessimism             -0.515     1.476    
    SLICE_X1Y10          FDRE (Hold_fdre_C_D)         0.105     1.581    div1/count_reg[31]
  -------------------------------------------------------------------
                         required time                         -1.581    
                         arrival time                           1.847    
  -------------------------------------------------------------------
                         slack                                  0.266    

Slack (MET) :             0.266ns  (arrival time - required time)
  Source:                 div1/count_reg[3]/C
                            (rising edge-triggered cell FDRE clocked by sys_clk_pin  {rise@0.000ns fall@5.000ns period=10.000ns})
  Destination:            div1/count_reg[3]/D
                            (rising edge-triggered cell FDRE clocked by sys_clk_pin  {rise@0.000ns fall@5.000ns period=10.000ns})
  Path Group:             sys_clk_pin
  Path Type:              Hold (Min at Fast Process Corner)
  Requirement:            0.000ns  (sys_clk_pin rise@0.000ns - sys_clk_pin rise@0.000ns)
  Data Path Delay:        0.371ns  (logic 0.252ns (67.984%)  route 0.119ns (32.016%))
  Logic Levels:           1  (CARRY4=1)
  Clock Path Skew:        0.000ns (DCD - SCD - CPR)
    Destination Clock Delay (DCD):    1.993ns
    Source Clock Delay      (SCD):    1.478ns
    Clock Pessimism Removal (CPR):    0.515ns

    Location             Delay type                Incr(ns)  Path(ns)    Netlist Resource(s)
  -------------------------------------------------------------------    -------------------
                         (clock sys_clk_pin rise edge)
                                                      0.000     0.000 r  
    W5                                                0.000     0.000 r  clock
                         net (fo=0)                   0.000     0.000    clock
    W5                   IBUF (Prop_ibuf_I_O)         0.226     0.226 r  clock_IBUF_inst/O
                         net (fo=1, routed)           0.631     0.858    clock_IBUF
    BUFGCTRL_X0Y1        BUFG (Prop_bufg_I_O)         0.026     0.884 r  clock_IBUF_BUFG_inst/O
                         net (fo=66, routed)          0.595     1.478    div1/clock_IBUF_BUFG
    SLICE_X1Y3                                                        r  div1/count_reg[3]/C
  -------------------------------------------------------------------    -------------------
    SLICE_X1Y3           FDRE (Prop_fdre_C_Q)         0.141     1.619 r  div1/count_reg[3]/Q
                         net (fo=4, routed)           0.119     1.738    div1/count[3]
    SLICE_X1Y3           CARRY4 (Prop_carry4_S[2]_O[2])
                                                      0.111     1.849 r  div1/count_reg[4]_i_1/O[2]
                         net (fo=1, routed)           0.000     1.849    div1/data0[3]
    SLICE_X1Y3           FDRE                                         r  div1/count_reg[3]/D
  -------------------------------------------------------------------    -------------------

                         (clock sys_clk_pin rise edge)
                                                      0.000     0.000 r  
    W5                                                0.000     0.000 r  clock
                         net (fo=0)                   0.000     0.000    clock
    W5                   IBUF (Prop_ibuf_I_O)         0.414     0.414 r  clock_IBUF_inst/O
                         net (fo=1, routed)           0.685     1.099    clock_IBUF
    BUFGCTRL_X0Y1        BUFG (Prop_bufg_I_O)         0.029     1.128 r  clock_IBUF_BUFG_inst/O
                         net (fo=66, routed)          0.866     1.993    div1/clock_IBUF_BUFG
    SLICE_X1Y3                                                        r  div1/count_reg[3]/C
                         clock pessimism             -0.515     1.478    
    SLICE_X1Y3           FDRE (Hold_fdre_C_D)         0.105     1.583    div1/count_reg[3]
  -------------------------------------------------------------------
                         required time                         -1.583    
                         arrival time                           1.849    
  -------------------------------------------------------------------
                         slack                                  0.266    

Slack (MET) :             0.271ns  (arrival time - required time)
  Source:                 div1/count_reg[24]/C
                            (rising edge-triggered cell FDRE clocked by sys_clk_pin  {rise@0.000ns fall@5.000ns period=10.000ns})
  Destination:            div1/count_reg[24]/D
                            (rising edge-triggered cell FDRE clocked by sys_clk_pin  {rise@0.000ns fall@5.000ns period=10.000ns})
  Path Group:             sys_clk_pin
  Path Type:              Hold (Min at Fast Process Corner)
  Requirement:            0.000ns  (sys_clk_pin rise@0.000ns - sys_clk_pin rise@0.000ns)
  Data Path Delay:        0.376ns  (logic 0.249ns (66.211%)  route 0.127ns (33.789%))
  Logic Levels:           1  (CARRY4=1)
  Clock Path Skew:        0.000ns (DCD - SCD - CPR)
    Destination Clock Delay (DCD):    1.992ns
    Source Clock Delay      (SCD):    1.477ns
    Clock Pessimism Removal (CPR):    0.515ns

    Location             Delay type                Incr(ns)  Path(ns)    Netlist Resource(s)
  -------------------------------------------------------------------    -------------------
                         (clock sys_clk_pin rise edge)
                                                      0.000     0.000 r  
    W5                                                0.000     0.000 r  clock
                         net (fo=0)                   0.000     0.000    clock
    W5                   IBUF (Prop_ibuf_I_O)         0.226     0.226 r  clock_IBUF_inst/O
                         net (fo=1, routed)           0.631     0.858    clock_IBUF
    BUFGCTRL_X0Y1        BUFG (Prop_bufg_I_O)         0.026     0.884 r  clock_IBUF_BUFG_inst/O
                         net (fo=66, routed)          0.594     1.477    div1/clock_IBUF_BUFG
    SLICE_X1Y8                                                        r  div1/count_reg[24]/C
  -------------------------------------------------------------------    -------------------
    SLICE_X1Y8           FDRE (Prop_fdre_C_Q)         0.141     1.618 r  div1/count_reg[24]/Q
                         net (fo=5, routed)           0.127     1.745    div1/count[24]
    SLICE_X1Y8           CARRY4 (Prop_carry4_S[3]_O[3])
                                                      0.108     1.853 r  div1/count_reg[24]_i_1/O[3]
                         net (fo=1, routed)           0.000     1.853    div1/data0[24]
    SLICE_X1Y8           FDRE                                         r  div1/count_reg[24]/D
  -------------------------------------------------------------------    -------------------

                         (clock sys_clk_pin rise edge)
                                                      0.000     0.000 r  
    W5                                                0.000     0.000 r  clock
                         net (fo=0)                   0.000     0.000    clock
    W5                   IBUF (Prop_ibuf_I_O)         0.414     0.414 r  clock_IBUF_inst/O
                         net (fo=1, routed)           0.685     1.099    clock_IBUF
    BUFGCTRL_X0Y1        BUFG (Prop_bufg_I_O)         0.029     1.128 r  clock_IBUF_BUFG_inst/O
                         net (fo=66, routed)          0.865     1.992    div1/clock_IBUF_BUFG
    SLICE_X1Y8                                                        r  div1/count_reg[24]/C
                         clock pessimism             -0.515     1.477    
    SLICE_X1Y8           FDRE (Hold_fdre_C_D)         0.105     1.582    div1/count_reg[24]
  -------------------------------------------------------------------
                         required time                         -1.582    
                         arrival time                           1.853    
  -------------------------------------------------------------------
                         slack                                  0.271    

Slack (MET) :             0.273ns  (arrival time - required time)
  Source:                 div1/count_reg[28]/C
                            (rising edge-triggered cell FDRE clocked by sys_clk_pin  {rise@0.000ns fall@5.000ns period=10.000ns})
  Destination:            div1/count_reg[28]/D
                            (rising edge-triggered cell FDRE clocked by sys_clk_pin  {rise@0.000ns fall@5.000ns period=10.000ns})
  Path Group:             sys_clk_pin
  Path Type:              Hold (Min at Fast Process Corner)
  Requirement:            0.000ns  (sys_clk_pin rise@0.000ns - sys_clk_pin rise@0.000ns)
  Data Path Delay:        0.378ns  (logic 0.249ns (65.943%)  route 0.129ns (34.057%))
  Logic Levels:           1  (CARRY4=1)
  Clock Path Skew:        0.000ns (DCD - SCD - CPR)
    Destination Clock Delay (DCD):    1.992ns
    Source Clock Delay      (SCD):    1.477ns
    Clock Pessimism Removal (CPR):    0.515ns

    Location             Delay type                Incr(ns)  Path(ns)    Netlist Resource(s)
  -------------------------------------------------------------------    -------------------
                         (clock sys_clk_pin rise edge)
                                                      0.000     0.000 r  
    W5                                                0.000     0.000 r  clock
                         net (fo=0)                   0.000     0.000    clock
    W5                   IBUF (Prop_ibuf_I_O)         0.226     0.226 r  clock_IBUF_inst/O
                         net (fo=1, routed)           0.631     0.858    clock_IBUF
    BUFGCTRL_X0Y1        BUFG (Prop_bufg_I_O)         0.026     0.884 r  clock_IBUF_BUFG_inst/O
                         net (fo=66, routed)          0.594     1.477    div1/clock_IBUF_BUFG
    SLICE_X1Y9                                                        r  div1/count_reg[28]/C
  -------------------------------------------------------------------    -------------------
    SLICE_X1Y9           FDRE (Prop_fdre_C_Q)         0.141     1.618 r  div1/count_reg[28]/Q
                         net (fo=5, routed)           0.129     1.747    div1/count[28]
    SLICE_X1Y9           CARRY4 (Prop_carry4_S[3]_O[3])
                                                      0.108     1.855 r  div1/count_reg[28]_i_1/O[3]
                         net (fo=1, routed)           0.000     1.855    div1/data0[28]
    SLICE_X1Y9           FDRE                                         r  div1/count_reg[28]/D
  -------------------------------------------------------------------    -------------------

                         (clock sys_clk_pin rise edge)
                                                      0.000     0.000 r  
    W5                                                0.000     0.000 r  clock
                         net (fo=0)                   0.000     0.000    clock
    W5                   IBUF (Prop_ibuf_I_O)         0.414     0.414 r  clock_IBUF_inst/O
                         net (fo=1, routed)           0.685     1.099    clock_IBUF
    BUFGCTRL_X0Y1        BUFG (Prop_bufg_I_O)         0.029     1.128 r  clock_IBUF_BUFG_inst/O
                         net (fo=66, routed)          0.865     1.992    div1/clock_IBUF_BUFG
    SLICE_X1Y9                                                        r  div1/count_reg[28]/C
                         clock pessimism             -0.515     1.477    
    SLICE_X1Y9           FDRE (Hold_fdre_C_D)         0.105     1.582    div1/count_reg[28]
  -------------------------------------------------------------------
                         required time                         -1.582    
                         arrival time                           1.855    
  -------------------------------------------------------------------
                         slack                                  0.273    

Slack (MET) :             0.274ns  (arrival time - required time)
  Source:                 div1/count_reg[12]/C
                            (rising edge-triggered cell FDRE clocked by sys_clk_pin  {rise@0.000ns fall@5.000ns period=10.000ns})
  Destination:            div1/count_reg[12]/D
                            (rising edge-triggered cell FDRE clocked by sys_clk_pin  {rise@0.000ns fall@5.000ns period=10.000ns})
  Path Group:             sys_clk_pin
  Path Type:              Hold (Min at Fast Process Corner)
  Requirement:            0.000ns  (sys_clk_pin rise@0.000ns - sys_clk_pin rise@0.000ns)
  Data Path Delay:        0.379ns  (logic 0.249ns (65.731%)  route 0.130ns (34.269%))
  Logic Levels:           1  (CARRY4=1)
  Clock Path Skew:        0.000ns (DCD - SCD - CPR)
    Destination Clock Delay (DCD):    1.993ns
    Source Clock Delay      (SCD):    1.478ns
    Clock Pessimism Removal (CPR):    0.515ns

    Location             Delay type                Incr(ns)  Path(ns)    Netlist Resource(s)
  -------------------------------------------------------------------    -------------------
                         (clock sys_clk_pin rise edge)
                                                      0.000     0.000 r  
    W5                                                0.000     0.000 r  clock
                         net (fo=0)                   0.000     0.000    clock
    W5                   IBUF (Prop_ibuf_I_O)         0.226     0.226 r  clock_IBUF_inst/O
                         net (fo=1, routed)           0.631     0.858    clock_IBUF
    BUFGCTRL_X0Y1        BUFG (Prop_bufg_I_O)         0.026     0.884 r  clock_IBUF_BUFG_inst/O
                         net (fo=66, routed)          0.595     1.478    div1/clock_IBUF_BUFG
    SLICE_X1Y5                                                        r  div1/count_reg[12]/C
  -------------------------------------------------------------------    -------------------
    SLICE_X1Y5           FDRE (Prop_fdre_C_Q)         0.141     1.619 r  div1/count_reg[12]/Q
                         net (fo=5, routed)           0.130     1.749    div1/count[12]
    SLICE_X1Y5           CARRY4 (Prop_carry4_S[3]_O[3])
                                                      0.108     1.857 r  div1/count_reg[12]_i_1/O[3]
                         net (fo=1, routed)           0.000     1.857    div1/data0[12]
    SLICE_X1Y5           FDRE                                         r  div1/count_reg[12]/D
  -------------------------------------------------------------------    -------------------

                         (clock sys_clk_pin rise edge)
                                                      0.000     0.000 r  
    W5                                                0.000     0.000 r  clock
                         net (fo=0)                   0.000     0.000    clock
    W5                   IBUF (Prop_ibuf_I_O)         0.414     0.414 r  clock_IBUF_inst/O
                         net (fo=1, routed)           0.685     1.099    clock_IBUF
    BUFGCTRL_X0Y1        BUFG (Prop_bufg_I_O)         0.029     1.128 r  clock_IBUF_BUFG_inst/O
                         net (fo=66, routed)          0.866     1.993    div1/clock_IBUF_BUFG
    SLICE_X1Y5                                                        r  div1/count_reg[12]/C
                         clock pessimism             -0.515     1.478    
    SLICE_X1Y5           FDRE (Hold_fdre_C_D)         0.105     1.583    div1/count_reg[12]
  -------------------------------------------------------------------
                         required time                         -1.583    
                         arrival time                           1.857    
  -------------------------------------------------------------------
                         slack                                  0.274    





Pulse Width Checks
--------------------------------------------------------------------------------------
Clock Name:         sys_clk_pin
Waveform:           { 0 5 }
Period:             10.000
Sources:            { clock }

Check Type        Corner  Lib Pin  Reference Pin  Required  Actual  Slack  Location       Pin                     
Min Period        n/a     BUFG/I   n/a            1.592     10.000  8.408  BUFGCTRL_X0Y1  clock_IBUF_BUFG_inst/I  
Min Period        n/a     FDRE/C   n/a            1.000     10.000  9.000  SLICE_X35Y39   div0/count_reg[0]/C     
Min Period        n/a     FDRE/C   n/a            1.000     10.000  9.000  SLICE_X34Y38   div0/count_reg[10]/C    
Min Period        n/a     FDRE/C   n/a            1.000     10.000  9.000  SLICE_X34Y38   div0/count_reg[11]/C    
Min Period        n/a     FDRE/C   n/a            1.000     10.000  9.000  SLICE_X34Y38   div0/count_reg[12]/C    
Min Period        n/a     FDRE/C   n/a            1.000     10.000  9.000  SLICE_X34Y39   div0/count_reg[13]/C    
Min Period        n/a     FDRE/C   n/a            1.000     10.000  9.000  SLICE_X34Y39   div0/count_reg[14]/C    
Min Period        n/a     FDRE/C   n/a            1.000     10.000  9.000  SLICE_X34Y39   div0/count_reg[15]/C    
Min Period        n/a     FDRE/C   n/a            1.000     10.000  9.000  SLICE_X34Y39   div0/count_reg[16]/C    
Min Period        n/a     FDRE/C   n/a            1.000     10.000  9.000  SLICE_X34Y40   div0/count_reg[17]/C    
Low Pulse Width   Slow    FDRE/C   n/a            0.500     5.000   4.500  SLICE_X35Y39   div0/count_reg[0]/C     
Low Pulse Width   Slow    FDRE/C   n/a            0.500     5.000   4.500  SLICE_X34Y38   div0/count_reg[10]/C    
Low Pulse Width   Slow    FDRE/C   n/a            0.500     5.000   4.500  SLICE_X34Y38   div0/count_reg[11]/C    
Low Pulse Width   Slow    FDRE/C   n/a            0.500     5.000   4.500  SLICE_X34Y38   div0/count_reg[12]/C    
Low Pulse Width   Slow    FDRE/C   n/a            0.500     5.000   4.500  SLICE_X34Y39   div0/count_reg[13]/C    
Low Pulse Width   Slow    FDRE/C   n/a            0.500     5.000   4.500  SLICE_X34Y39   div0/count_reg[14]/C    
Low Pulse Width   Slow    FDRE/C   n/a            0.500     5.000   4.500  SLICE_X34Y39   div0/count_reg[15]/C    
Low Pulse Width   Slow    FDRE/C   n/a            0.500     5.000   4.500  SLICE_X34Y39   div0/count_reg[16]/C    
Low Pulse Width   Slow    FDRE/C   n/a            0.500     5.000   4.500  SLICE_X34Y40   div0/count_reg[17]/C    
Low Pulse Width   Slow    FDRE/C   n/a            0.500     5.000   4.500  SLICE_X34Y40   div0/count_reg[18]/C    
High Pulse Width  Slow    FDRE/C   n/a            0.500     5.000   4.500  SLICE_X35Y39   div0/count_reg[0]/C     
High Pulse Width  Fast    FDRE/C   n/a            0.500     5.000   4.500  SLICE_X35Y39   div0/count_reg[0]/C     
High Pulse Width  Fast    FDRE/C   n/a            0.500     5.000   4.500  SLICE_X34Y38   div0/count_reg[10]/C    
High Pulse Width  Fast    FDRE/C   n/a            0.500     5.000   4.500  SLICE_X34Y38   div0/count_reg[11]/C    
High Pulse Width  Fast    FDRE/C   n/a            0.500     5.000   4.500  SLICE_X34Y38   div0/count_reg[12]/C    
High Pulse Width  Slow    FDRE/C   n/a            0.500     5.000   4.500  SLICE_X34Y39   div0/count_reg[13]/C    
High Pulse Width  Fast    FDRE/C   n/a            0.500     5.000   4.500  SLICE_X34Y39   div0/count_reg[13]/C    
High Pulse Width  Slow    FDRE/C   n/a            0.500     5.000   4.500  SLICE_X34Y39   div0/count_reg[14]/C    
High Pulse Width  Fast    FDRE/C   n/a            0.500     5.000   4.500  SLICE_X34Y39   div0/count_reg[14]/C    
High Pulse Width  Slow    FDRE/C   n/a            0.500     5.000   4.500  SLICE_X34Y39   div0/count_reg[15]/C    



