Release 14.7 - ngc2edif P.20131013 (nt64)
Copyright (c) 1995-2013 Xilinx, Inc.  All rights reserved.
Reading design lab5_manual.ngc ...
WARNING:NetListWriters:298 - No output is written to lab5_manual.xncf, ignored.
Processing design ...
   Preping design's networks ...
   Preping design's macros ...
  finished :Prep
Writing EDIF netlist file lab5_manual.edif ...
ngc2edif: Total memory usage is 79360 kilobytes

Release 14.7 - ngc2edif P.20131013 (nt64)
Copyright (c) 1995-2013 Xilinx, Inc.  All rights reserved.
Reading design lab5_manual.ngc ...
WARNING:NetListWriters:298 - No output is written to lab5_manual.xncf, ignored.
Processing design ...
   Preping design's networks ...
   Preping design's macros ...
  finished :Prep
Writing EDIF netlist file lab5_manual.edif ...
ngc2edif: Total memory usage is 79360 kilobytes

