Copyright 1986-2014 Xilinx, Inc. All Rights Reserved.
-----------------------------------------------------------------------------------------------------------------------
| Tool Version     : Vivado v.2014.4 (win64) Build 1071353 Tue Nov 18 18:29:27 MST 2014
| Date             : Thu Mar 03 17:37:33 2016
| Host             : ECJ1-222-24 running 64-bit Service Pack 1  (build 7601)
| Command          : report_power -file ParkingMeter_power_routed.rpt -pb ParkingMeter_power_summary_routed.pb
| Design           : ParkingMeter
| Device           : xc7a35tcpg236-2L
| Design State     : Routed
| Grade            : extended
| Process          : typical
| Characterization : Production
-----------------------------------------------------------------------------------------------------------------------

Power Report

Table of Contents
-----------------
1. Summary
1.1 On-Chip Components
1.2 Power Supply Summary
1.3 Confidence Level
2. Settings
2.1 Environment
2.2 Clock Constraints
3. Detailed Reports
3.1 By Hierarchy

1. Summary
----------

+--------------------------+-------+
| Total On-Chip Power (W)  | 0.109 |
| Dynamic (W)              | 0.037 |
| Device Static (W)        | 0.072 |
| Effective TJA (C/W)      | 5.0   |
| Max Ambient (C)          | 99.5  |
| Junction Temperature (C) | 25.5  |
| Confidence Level         | Low   |
| Setting File             | ---   |
| Simulation Activity File | ---   |
| Design Nets Matched      | NA    |
+--------------------------+-------+


1.1 On-Chip Components
----------------------

+----------------+-----------+----------+-----------+-----------------+
| On-Chip        | Power (W) | Used     | Available | Utilization (%) |
+----------------+-----------+----------+-----------+-----------------+
| Clocks         |     0.002 |        3 |       --- |             --- |
| Slice Logic    |     0.004 |      781 |       --- |             --- |
|   LUT as Logic |     0.004 |      352 |     20800 |            1.69 |
|   CARRY4       |    <0.001 |       72 |      8150 |            0.88 |
|   Register     |    <0.001 |      170 |     41600 |            0.40 |
|   Others       |     0.000 |       57 |       --- |             --- |
| Signals        |     0.003 |      482 |       --- |             --- |
| I/O            |     0.029 |       19 |       106 |           17.92 |
| Static Power   |     0.072 |          |           |                 |
| Total          |     0.109 |          |           |                 |
+----------------+-----------+----------+-----------+-----------------+


1.2 Power Supply Summary
------------------------

+-----------+-------------+-----------+-------------+------------+
| Source    | Voltage (V) | Total (A) | Dynamic (A) | Static (A) |
+-----------+-------------+-----------+-------------+------------+
| Vccint    |       1.000 |     0.018 |       0.008 |      0.010 |
| Vccaux    |       1.800 |     0.014 |       0.001 |      0.013 |
| Vcco33    |       3.300 |     0.009 |       0.008 |      0.001 |
| Vcco25    |       2.500 |     0.000 |       0.000 |      0.000 |
| Vcco18    |       1.800 |     0.000 |       0.000 |      0.000 |
| Vcco15    |       1.500 |     0.000 |       0.000 |      0.000 |
| Vcco135   |       1.350 |     0.000 |       0.000 |      0.000 |
| Vcco12    |       1.200 |     0.000 |       0.000 |      0.000 |
| Vccaux_io |       1.800 |     0.000 |       0.000 |      0.000 |
| Vccbram   |       1.000 |     0.000 |       0.000 |      0.000 |
| MGTAVcc   |       1.000 |     0.000 |       0.000 |      0.000 |
| MGTAVtt   |       1.200 |     0.000 |       0.000 |      0.000 |
| Vccadc    |       1.800 |     0.020 |       0.000 |      0.020 |
+-----------+-------------+-----------+-------------+------------+


1.3 Confidence Level
--------------------

+-----------------------------+------------+--------------------------------------------------------+--------------------------------------------------------------------------------------------------------------------+
| User Input Data             | Confidence | Details                                                | Action                                                                                                             |
+-----------------------------+------------+--------------------------------------------------------+--------------------------------------------------------------------------------------------------------------------+
| Design implementation state | High       | Design is routed                                       |                                                                                                                    |
| Clock nodes activity        | Medium     | More than 5% of clocks are missing user specification  | Provide missing clock activity with a constraint file, simulation results or by editing the "By Clock Domain" view |
| I/O nodes activity          | Low        | More than 75% of inputs are missing user specification | Provide missing input activity with simulation results or by editing the "By Resource Type -> I/Os" view           |
| Internal nodes activity     | Medium     | User specified less than 25% of internal nodes         | Provide missing internal nodes activity with simulation results or by editing the "By Resource Type" views         |
| Device models               | High       | Device models are Production                           |                                                                                                                    |
|                             |            |                                                        |                                                                                                                    |
| Overall confidence level    | Low        |                                                        |                                                                                                                    |
+-----------------------------+------------+--------------------------------------------------------+--------------------------------------------------------------------------------------------------------------------+


2. Settings
-----------

2.1 Environment
---------------

+-----------------------+--------------------------+
| Ambient Temp (C)      | 25.0                     |
| ThetaJA (C/W)         | 5.0                      |
| Airflow (LFM)         | 250                      |
| Heat Sink             | medium (Medium Profile)  |
| ThetaSA (C/W)         | 4.6                      |
| Board Selection       | medium (10"x10")         |
| # of Board Layers     | 12to15 (12 to 15 Layers) |
| Board Temperature (C) | 25.0                     |
+-----------------------+--------------------------+


2.2 Clock Constraints
---------------------

+-------------+--------+-----------------+
| Clock       | Domain | Constraint (ns) |
+-------------+--------+-----------------+
| sys_clk_pin | clock  |            10.0 |
+-------------+--------+-----------------+


3. Detailed Reports
-------------------

3.1 By Hierarchy
----------------

+----------------+-----------+
| Name           | Power (W) |
+----------------+-----------+
| ParkingMeter   |     0.037 |
|   db_div       |    <0.001 |
|   deb_reset10  |    <0.001 |
|     FF1        |    <0.001 |
|     FF2        |    <0.001 |
|     FF3        |    <0.001 |
|   deb_reset205 |    <0.001 |
|     FF1        |    <0.001 |
|     FF2        |    <0.001 |
|     FF3        |    <0.001 |
|   display0     |    <0.001 |
|     div0       |    <0.001 |
|     fsm0       |    <0.001 |
|   div0         |    <0.001 |
|   div1         |    <0.001 |
|   dp_add150    |    <0.001 |
|     DEB        |    <0.001 |
|       FF1      |    <0.001 |
|       FF2      |    <0.001 |
|       FF3      |    <0.001 |
|     PUL        |    <0.001 |
|       FF3      |    <0.001 |
|   dp_add200    |    <0.001 |
|     DEB        |    <0.001 |
|       FF1      |    <0.001 |
|       FF2      |    <0.001 |
|       FF3      |    <0.001 |
|     PUL        |    <0.001 |
|       FF3      |    <0.001 |
|   dp_add50     |    <0.001 |
|     DEB        |    <0.001 |
|       FF1      |    <0.001 |
|       FF2      |    <0.001 |
|       FF3      |    <0.001 |
|     PUL        |    <0.001 |
|       FF3      |    <0.001 |
|   dp_add500    |    <0.001 |
|     DEB        |    <0.001 |
|       FF1      |    <0.001 |
|       FF2      |    <0.001 |
|       FF3      |    <0.001 |
|     PUL        |    <0.001 |
|       FF3      |    <0.001 |
|   tl0          |     0.005 |
+----------------+-----------+


