
*** Running vivado
    with args -log TrafficController.vds -m64 -mode batch -messageDb vivado.pb -source TrafficController.tcl


****** Vivado v2014.4 (64-bit)
  **** SW Build 1071353 on Tue Nov 18 18:29:27 MST 2014
  **** IP Build 1070531 on Tue Nov 18 01:10:18 MST 2014
    ** Copyright 1986-2014 Xilinx, Inc. All Rights Reserved.

source TrafficController.tcl
# set_param gui.test TreeTableDev
# set_param xicom.use_bs_reader 1
# debug::add_scope template.lib 1
# set_msg_config -id {HDL 9-1061} -limit 100000
# set_msg_config -id {HDL 9-1654} -limit 100000
# create_project -in_memory -part xc7a35tcpg236-2
# set_param project.compositeFile.enableAutoGeneration 0
# set_param synth.vivado.isSynthRun true
# set_property webtalk.parent_dir Z:/__SchoolWork/EE_460M_lab/lab_3/lab_3_xilinx_project/lab_3_xilinx_project.cache/wt [current_project]
# set_property parent.project_path Z:/__SchoolWork/EE_460M_lab/lab_3/lab_3_xilinx_project/lab_3_xilinx_project.xpr [current_project]
# set_property default_lib xil_defaultlib [current_project]
# set_property target_language Verilog [current_project]
# read_verilog -library xil_defaultlib {
#   Z:/__SchoolWork/EE_460M_lab/lab_3/lab_3_xilinx_project/lab_3_xilinx_project.srcs/sources_1/imports/lab_3/divider.v
#   Z:/__SchoolWork/EE_460M_lab/lab_3/lab_3_xilinx_project/lab_3_xilinx_project.srcs/sources_1/imports/lab_3/Timer.v
#   Z:/__SchoolWork/EE_460M_lab/lab_3/lab_3_xilinx_project/lab_3_xilinx_project.srcs/sources_1/imports/lab_3/FSM.v
#   Z:/__SchoolWork/EE_460M_lab/lab_3/lab_3_xilinx_project/lab_3_xilinx_project.srcs/sources_1/imports/lab_3/LEDController.v
#   Z:/__SchoolWork/EE_460M_lab/lab_3/lab_3_xilinx_project/lab_3_xilinx_project.srcs/sources_1/imports/lab_3/TrafficController.v
# }
# read_xdc Z:/__SchoolWork/EE_460M_lab/lab_3/lab_3_xilinx_project/lab_3_xilinx_project.srcs/constrs_1/imports/EE_460M_lab/Basys3_Master.xdc
# set_property used_in_implementation false [get_files Z:/__SchoolWork/EE_460M_lab/lab_3/lab_3_xilinx_project/lab_3_xilinx_project.srcs/constrs_1/imports/EE_460M_lab/Basys3_Master.xdc]
# catch { write_hwdef -file TrafficController.hwdef }
INFO: [Vivado_Tcl 4-279] hardware handoff file cannot be generated as there is no block diagram instance in the design
# synth_design -top TrafficController -part xc7a35tcpg236-2
Command: synth_design -top TrafficController -part xc7a35tcpg236-2
Starting synth_design
Attempting to get a license for feature 'Synthesis' and/or device 'xc7a35t'
INFO: [Common 17-349] Got license for feature 'Synthesis' and/or device 'xc7a35t'
INFO: [Common 17-1223] The version limit for your license is '2015.03' and will expire in -323 days. A version limit expiration means that, although you may be able to continue to use the current version of tools or IP with this license, you will not be eligible for any updates or new releases.
---------------------------------------------------------------------------------
Starting RTL Elaboration : Time (s): cpu = 00:00:07 ; elapsed = 00:00:09 . Memory (MB): peak = 239.496 ; gain = 81.191
---------------------------------------------------------------------------------
INFO: [Synth 8-638] synthesizing module 'TrafficController' [Z:/__SchoolWork/EE_460M_lab/lab_3/lab_3_xilinx_project/lab_3_xilinx_project.srcs/sources_1/imports/lab_3/TrafficController.v:47]
	Parameter CLOCK_FREQUENCY bound to: 100000000 - type: integer 
INFO: [Synth 8-638] synthesizing module 'FSM' [Z:/__SchoolWork/EE_460M_lab/lab_3/lab_3_xilinx_project/lab_3_xilinx_project.srcs/sources_1/imports/lab_3/FSM.v:2]
INFO: [Synth 8-256] done synthesizing module 'FSM' (1#1) [Z:/__SchoolWork/EE_460M_lab/lab_3/lab_3_xilinx_project/lab_3_xilinx_project.srcs/sources_1/imports/lab_3/FSM.v:2]
INFO: [Synth 8-638] synthesizing module 'Timer' [Z:/__SchoolWork/EE_460M_lab/lab_3/lab_3_xilinx_project/lab_3_xilinx_project.srcs/sources_1/imports/lab_3/Timer.v:2]
	Parameter CLOCK_FREQUENCY bound to: 100000000 - type: integer 
	Parameter RESOLUTION bound to: 4 - type: integer 
	Parameter STATE1_DURATION bound to: 3 - type: integer 
	Parameter STATE2_DURATION bound to: 2 - type: integer 
	Parameter STATE3_DURATION bound to: 3 - type: integer 
	Parameter STATE4_DURATION bound to: 1 - type: integer 
	Parameter STATE5_DURATION bound to: 2 - type: integer 
	Parameter STATE6_DURATION bound to: 2 - type: integer 
INFO: [Synth 8-638] synthesizing module 'divider' [Z:/__SchoolWork/EE_460M_lab/lab_3/lab_3_xilinx_project/lab_3_xilinx_project.srcs/sources_1/imports/lab_3/divider.v:4]
	Parameter DIVIDE_BY bound to: 25000000 - type: integer 
	Parameter DURATION bound to: 12500000 - type: integer 
INFO: [Synth 8-256] done synthesizing module 'divider' (2#1) [Z:/__SchoolWork/EE_460M_lab/lab_3/lab_3_xilinx_project/lab_3_xilinx_project.srcs/sources_1/imports/lab_3/divider.v:4]
INFO: [Synth 8-256] done synthesizing module 'Timer' (3#1) [Z:/__SchoolWork/EE_460M_lab/lab_3/lab_3_xilinx_project/lab_3_xilinx_project.srcs/sources_1/imports/lab_3/Timer.v:2]
INFO: [Synth 8-638] synthesizing module 'LEDController' [Z:/__SchoolWork/EE_460M_lab/lab_3/lab_3_xilinx_project/lab_3_xilinx_project.srcs/sources_1/imports/lab_3/LEDController.v:2]
	Parameter CLOCK_FREQUENCY bound to: 100000000 - type: integer 
INFO: [Synth 8-638] synthesizing module 'divider__parameterized0' [Z:/__SchoolWork/EE_460M_lab/lab_3/lab_3_xilinx_project/lab_3_xilinx_project.srcs/sources_1/imports/lab_3/divider.v:4]
	Parameter DIVIDE_BY bound to: 100000000 - type: integer 
	Parameter DURATION bound to: 50000000 - type: integer 
INFO: [Synth 8-256] done synthesizing module 'divider__parameterized0' (3#1) [Z:/__SchoolWork/EE_460M_lab/lab_3/lab_3_xilinx_project/lab_3_xilinx_project.srcs/sources_1/imports/lab_3/divider.v:4]
INFO: [Synth 8-638] synthesizing module 'divider__parameterized1' [Z:/__SchoolWork/EE_460M_lab/lab_3/lab_3_xilinx_project/lab_3_xilinx_project.srcs/sources_1/imports/lab_3/divider.v:4]
	Parameter DIVIDE_BY bound to: 50000000 - type: integer 
	Parameter DURATION bound to: 25000000 - type: integer 
INFO: [Synth 8-256] done synthesizing module 'divider__parameterized1' (3#1) [Z:/__SchoolWork/EE_460M_lab/lab_3/lab_3_xilinx_project/lab_3_xilinx_project.srcs/sources_1/imports/lab_3/divider.v:4]
INFO: [Synth 8-256] done synthesizing module 'LEDController' (4#1) [Z:/__SchoolWork/EE_460M_lab/lab_3/lab_3_xilinx_project/lab_3_xilinx_project.srcs/sources_1/imports/lab_3/LEDController.v:2]
INFO: [Synth 8-256] done synthesizing module 'TrafficController' (5#1) [Z:/__SchoolWork/EE_460M_lab/lab_3/lab_3_xilinx_project/lab_3_xilinx_project.srcs/sources_1/imports/lab_3/TrafficController.v:47]
---------------------------------------------------------------------------------
Finished RTL Elaboration : Time (s): cpu = 00:00:09 ; elapsed = 00:00:11 . Memory (MB): peak = 273.629 ; gain = 115.324
---------------------------------------------------------------------------------

Report Check Netlist: 
+------+------------------+-------+---------+-------+------------------+
|      |Item              |Errors |Warnings |Status |Description       |
+------+------------------+-------+---------+-------+------------------+
|1     |multi_driven_nets |      0|        0|Passed |Multi driven nets |
+------+------------------+-------+---------+-------+------------------+
---------------------------------------------------------------------------------
Finished RTL Optimization Phase 1 : Time (s): cpu = 00:00:09 ; elapsed = 00:00:12 . Memory (MB): peak = 273.629 ; gain = 115.324
---------------------------------------------------------------------------------
Loading clock regions from C:/Xilinx/Vivado/2014.4/data\parts/xilinx/artix7/artix7/xc7a35t/ClockRegion.xml
Loading clock buffers from C:/Xilinx/Vivado/2014.4/data\parts/xilinx/artix7/artix7/xc7a35t/ClockBuffers.xml
Loading clock placement rules from C:/Xilinx/Vivado/2014.4/data/parts/xilinx/artix7/ClockPlacerRules.xml
Loading package pin functions from C:/Xilinx/Vivado/2014.4/data\parts/xilinx/artix7/PinFunctions.xml...
Loading package from C:/Xilinx/Vivado/2014.4/data\parts/xilinx/artix7/artix7/xc7a35t/cpg236/Package.xml
Loading io standards from C:/Xilinx/Vivado/2014.4/data\./parts/xilinx/artix7/IOStandards.xml
Loading device configuration modes from C:/Xilinx/Vivado/2014.4/data\parts/xilinx/artix7/ConfigModes.xml
INFO: [Project 1-570] Preparing netlist for logic optimization

Processing XDC Constraints
Initializing timing engine
Parsing XDC File [Z:/__SchoolWork/EE_460M_lab/lab_3/lab_3_xilinx_project/lab_3_xilinx_project.srcs/constrs_1/imports/EE_460M_lab/Basys3_Master.xdc]
Finished Parsing XDC File [Z:/__SchoolWork/EE_460M_lab/lab_3/lab_3_xilinx_project/lab_3_xilinx_project.srcs/constrs_1/imports/EE_460M_lab/Basys3_Master.xdc]
Completed Processing XDC Constraints

INFO: [Project 1-111] Unisim Transformation Summary:
No Unisim elements were transformed.

Constraint Validation Runtime : Time (s): cpu = 00:00:00 ; elapsed = 00:00:00.011 . Memory (MB): peak = 569.070 ; gain = 0.000
---------------------------------------------------------------------------------
Finished Constraint Validation : Time (s): cpu = 00:00:21 ; elapsed = 00:00:26 . Memory (MB): peak = 569.070 ; gain = 410.766
---------------------------------------------------------------------------------
---------------------------------------------------------------------------------
Start Loading Part and Timing Information
---------------------------------------------------------------------------------
Loading part: xc7a35tcpg236-2
---------------------------------------------------------------------------------
Finished Loading Part and Timing Information : Time (s): cpu = 00:00:21 ; elapsed = 00:00:26 . Memory (MB): peak = 569.070 ; gain = 410.766
---------------------------------------------------------------------------------
---------------------------------------------------------------------------------
Start Applying 'set_property' XDC Constraints
---------------------------------------------------------------------------------
---------------------------------------------------------------------------------
Finished applying 'set_property' XDC Constraints : Time (s): cpu = 00:00:21 ; elapsed = 00:00:26 . Memory (MB): peak = 569.070 ; gain = 410.766
---------------------------------------------------------------------------------
INFO: [Synth 8-802] inferred FSM for state register 'state_reg' in module 'FSM'
ROM "state" won't be mapped to Block RAM because address size (3) smaller than threshold (5) 
ROM "count" won't be mapped to RAM because address size (32) is larger than maximum supported(18) 
ROM "count" won't be mapped to RAM because address size (32) is larger than maximum supported(18) 
ROM "count" won't be mapped to RAM because address size (32) is larger than maximum supported(18) 
INFO: [Synth 8-3354] encoded FSM with state register 'state_reg' using encoding 'sequential' in module 'FSM'
---------------------------------------------------------------------------------
Finished RTL Optimization Phase 2 : Time (s): cpu = 00:00:21 ; elapsed = 00:00:26 . Memory (MB): peak = 569.070 ; gain = 410.766
---------------------------------------------------------------------------------

Report RTL Partitions: 
+-+--------------+------------+----------+
| |RTL Partition |Replication |Instances |
+-+--------------+------------+----------+
+-+--------------+------------+----------+
---------------------------------------------------------------------------------
Start RTL Component Statistics 
---------------------------------------------------------------------------------
Detailed RTL Component Info : 
+---Adders : 
	   2 Input     32 Bit       Adders := 4     
+---Registers : 
	               32 Bit    Registers := 4     
	                1 Bit    Registers := 4     
+---Muxes : 
	   2 Input     32 Bit        Muxes := 5     
	   7 Input      3 Bit        Muxes := 2     
	   8 Input      3 Bit        Muxes := 2     
	   8 Input      2 Bit        Muxes := 1     
	   7 Input      1 Bit        Muxes := 1     
---------------------------------------------------------------------------------
Finished RTL Component Statistics 
---------------------------------------------------------------------------------
---------------------------------------------------------------------------------
Start RTL Hierarchical Component Statistics 
---------------------------------------------------------------------------------
Hierarchical RTL Component report 
Module TrafficController 
Detailed RTL Component Info : 
Module FSM 
Detailed RTL Component Info : 
+---Muxes : 
	   7 Input      3 Bit        Muxes := 2     
	   7 Input      1 Bit        Muxes := 1     
Module divider 
Detailed RTL Component Info : 
+---Adders : 
	   2 Input     32 Bit       Adders := 1     
+---Registers : 
	               32 Bit    Registers := 1     
	                1 Bit    Registers := 1     
+---Muxes : 
	   2 Input     32 Bit        Muxes := 1     
Module Timer 
Detailed RTL Component Info : 
+---Adders : 
	   2 Input     32 Bit       Adders := 1     
+---Registers : 
	               32 Bit    Registers := 1     
	                1 Bit    Registers := 1     
+---Muxes : 
	   2 Input     32 Bit        Muxes := 2     
Module divider__parameterized0 
Detailed RTL Component Info : 
+---Adders : 
	   2 Input     32 Bit       Adders := 1     
+---Registers : 
	               32 Bit    Registers := 1     
	                1 Bit    Registers := 1     
+---Muxes : 
	   2 Input     32 Bit        Muxes := 1     
Module divider__parameterized1 
Detailed RTL Component Info : 
+---Adders : 
	   2 Input     32 Bit       Adders := 1     
+---Registers : 
	               32 Bit    Registers := 1     
	                1 Bit    Registers := 1     
+---Muxes : 
	   2 Input     32 Bit        Muxes := 1     
Module LEDController 
Detailed RTL Component Info : 
+---Muxes : 
	   8 Input      3 Bit        Muxes := 2     
	   8 Input      2 Bit        Muxes := 1     
---------------------------------------------------------------------------------
Finished RTL Hierarchical Component Statistics
---------------------------------------------------------------------------------
---------------------------------------------------------------------------------
Start Part Resource Summary
---------------------------------------------------------------------------------
Part Resources:
DSPs: 120 (col length:60)
BRAMs: 150 (col length: RAMB18 60 RAMB36 30)
---------------------------------------------------------------------------------
Finished Part Resource Summary
---------------------------------------------------------------------------------
Start Parallel Synthesis Optimization  : Time (s): cpu = 00:00:22 ; elapsed = 00:00:27 . Memory (MB): peak = 569.070 ; gain = 410.766
---------------------------------------------------------------------------------
Start Cross Boundary Optimization
---------------------------------------------------------------------------------
ROM "div0/count" won't be mapped to RAM because address size (32) is larger than maximum supported(18) 
ROM "div1/count" won't be mapped to RAM because address size (32) is larger than maximum supported(18) 
ROM "time0/div0/count" won't be mapped to RAM because address size (32) is larger than maximum supported(18) 
ROM "leds/div0/count" won't be mapped to RAM because address size (32) is larger than maximum supported(18) 
ROM "leds/div1/count" won't be mapped to RAM because address size (32) is larger than maximum supported(18) 
---------------------------------------------------------------------------------
Finished Cross Boundary Optimization : Time (s): cpu = 00:00:22 ; elapsed = 00:00:27 . Memory (MB): peak = 569.070 ; gain = 410.766
---------------------------------------------------------------------------------
Finished Parallel Reinference  : Time (s): cpu = 00:00:22 ; elapsed = 00:00:27 . Memory (MB): peak = 569.070 ; gain = 410.766

Report RTL Partitions: 
+-+--------------+------------+----------+
| |RTL Partition |Replication |Instances |
+-+--------------+------------+----------+
+-+--------------+------------+----------+
---------------------------------------------------------------------------------
Start RAM, DSP and Shift Register Reporting
---------------------------------------------------------------------------------
---------------------------------------------------------------------------------
Finished RAM, DSP and Shift Register Reporting
---------------------------------------------------------------------------------
---------------------------------------------------------------------------------
Start Area Optimization
---------------------------------------------------------------------------------
---------------------------------------------------------------------------------
Finished Area Optimization : Time (s): cpu = 00:00:24 ; elapsed = 00:00:29 . Memory (MB): peak = 569.070 ; gain = 410.766
---------------------------------------------------------------------------------
---------------------------------------------------------------------------------
Finished Area Optimization : Time (s): cpu = 00:00:24 ; elapsed = 00:00:29 . Memory (MB): peak = 569.070 ; gain = 410.766
---------------------------------------------------------------------------------
Finished Parallel Area Optimization  : Time (s): cpu = 00:00:24 ; elapsed = 00:00:29 . Memory (MB): peak = 569.070 ; gain = 410.766

Report RTL Partitions: 
+-+--------------+------------+----------+
| |RTL Partition |Replication |Instances |
+-+--------------+------------+----------+
+-+--------------+------------+----------+
Finished Parallel Synthesis Optimization  : Time (s): cpu = 00:00:24 ; elapsed = 00:00:29 . Memory (MB): peak = 569.070 ; gain = 410.766
---------------------------------------------------------------------------------
Start Timing Optimization
---------------------------------------------------------------------------------
---------------------------------------------------------------------------------
Start Applying XDC Timing Constraints
---------------------------------------------------------------------------------
---------------------------------------------------------------------------------
Finished Applying XDC Timing Constraints : Time (s): cpu = 00:00:42 ; elapsed = 00:00:48 . Memory (MB): peak = 569.070 ; gain = 410.766
---------------------------------------------------------------------------------
---------------------------------------------------------------------------------
Finished Timing Optimization : Time (s): cpu = 00:00:42 ; elapsed = 00:00:48 . Memory (MB): peak = 569.070 ; gain = 410.766
---------------------------------------------------------------------------------

Report RTL Partitions: 
+-+--------------+------------+----------+
| |RTL Partition |Replication |Instances |
+-+--------------+------------+----------+
+-+--------------+------------+----------+
---------------------------------------------------------------------------------
Start Technology Mapping
---------------------------------------------------------------------------------
---------------------------------------------------------------------------------
Finished Technology Mapping : Time (s): cpu = 00:00:43 ; elapsed = 00:00:48 . Memory (MB): peak = 569.070 ; gain = 410.766
---------------------------------------------------------------------------------

Report RTL Partitions: 
+-+--------------+------------+----------+
| |RTL Partition |Replication |Instances |
+-+--------------+------------+----------+
+-+--------------+------------+----------+
---------------------------------------------------------------------------------
Start IO Insertion
---------------------------------------------------------------------------------
---------------------------------------------------------------------------------
Start Flattening Before IO Insertion
---------------------------------------------------------------------------------
---------------------------------------------------------------------------------
Finished Flattening Before IO Insertion
---------------------------------------------------------------------------------
---------------------------------------------------------------------------------
Start Final Netlist Cleanup
---------------------------------------------------------------------------------
---------------------------------------------------------------------------------
Finished Final Netlist Cleanup
---------------------------------------------------------------------------------
---------------------------------------------------------------------------------
Finished IO Insertion : Time (s): cpu = 00:00:43 ; elapsed = 00:00:49 . Memory (MB): peak = 569.070 ; gain = 410.766
---------------------------------------------------------------------------------

Report Check Netlist: 
+------+------------------+-------+---------+-------+------------------+
|      |Item              |Errors |Warnings |Status |Description       |
+------+------------------+-------+---------+-------+------------------+
|1     |multi_driven_nets |      0|        0|Passed |Multi driven nets |
+------+------------------+-------+---------+-------+------------------+
---------------------------------------------------------------------------------
Start Renaming Generated Instances
---------------------------------------------------------------------------------
---------------------------------------------------------------------------------
Finished Renaming Generated Instances : Time (s): cpu = 00:00:43 ; elapsed = 00:00:49 . Memory (MB): peak = 569.070 ; gain = 410.766
---------------------------------------------------------------------------------

Report RTL Partitions: 
+-+--------------+------------+----------+
| |RTL Partition |Replication |Instances |
+-+--------------+------------+----------+
+-+--------------+------------+----------+
---------------------------------------------------------------------------------
Start Rebuilding User Hierarchy
---------------------------------------------------------------------------------
---------------------------------------------------------------------------------
Finished Rebuilding User Hierarchy : Time (s): cpu = 00:00:43 ; elapsed = 00:00:49 . Memory (MB): peak = 569.070 ; gain = 410.766
---------------------------------------------------------------------------------
---------------------------------------------------------------------------------
Start RAM, DSP and Shift Register Reporting
---------------------------------------------------------------------------------
---------------------------------------------------------------------------------
Finished RAM, DSP and Shift Register Reporting
---------------------------------------------------------------------------------
---------------------------------------------------------------------------------
Start Writing Synthesis Report
---------------------------------------------------------------------------------

Report BlackBoxes: 
+-+--------------+----------+
| |BlackBox name |Instances |
+-+--------------+----------+
+-+--------------+----------+

Report Cell Usage: 
+------+-------+------+
|      |Cell   |Count |
+------+-------+------+
|1     |BUFG   |     2|
|2     |CARRY4 |    72|
|3     |LUT1   |   137|
|4     |LUT2   |   281|
|5     |LUT3   |     5|
|6     |LUT4   |     2|
|7     |LUT5   |     6|
|8     |LUT6   |    20|
|9     |FDRE   |   135|
|10    |IBUF   |     2|
|11    |OBUF   |     8|
+------+-------+------+

Report Instance Areas: 
+------+---------+------------------------+------+
|      |Instance |Module                  |Cells |
+------+---------+------------------------+------+
|1     |top      |                        |   670|
|2     |  fsm0   |FSM                     |    18|
|3     |  leds   |LEDController           |   285|
|4     |    div0 |divider__parameterized0 |   142|
|5     |    div1 |divider__parameterized1 |   143|
|6     |  time0  |Timer                   |   355|
|7     |    div0 |divider                 |   143|
+------+---------+------------------------+------+
---------------------------------------------------------------------------------
Finished Writing Synthesis Report : Time (s): cpu = 00:00:43 ; elapsed = 00:00:49 . Memory (MB): peak = 569.070 ; gain = 410.766
---------------------------------------------------------------------------------
Synthesis finished with 0 errors, 0 critical warnings and 0 warnings.
Synthesis Optimization Runtime : Time (s): cpu = 00:00:00 ; elapsed = 00:00:37 . Memory (MB): peak = 569.070 ; gain = 85.602
Synthesis Optimization Complete : Time (s): cpu = 00:00:43 ; elapsed = 00:00:49 . Memory (MB): peak = 569.070 ; gain = 410.766
INFO: [Project 1-571] Translating synthesized netlist
INFO: [Netlist 29-17] Analyzing 74 Unisim elements for replacement
INFO: [Netlist 29-28] Unisim Transformation completed in 0 CPU seconds
INFO: [Project 1-570] Preparing netlist for logic optimization
INFO: [Opt 31-140] Inserted 0 IBUFs to IO ports without IO buffers.
INFO: [Opt 31-141] Inserted 0 OBUFs to IO ports without IO buffers.
INFO: [Opt 31-138] Pushed 0 inverter(s) to 0 load pin(s).
INFO: [Project 1-111] Unisim Transformation Summary:
No Unisim elements were transformed.

INFO: [Common 17-83] Releasing license: Synthesis
29 Infos, 0 Warnings, 0 Critical Warnings and 0 Errors encountered.
synth_design completed successfully
synth_design: Time (s): cpu = 00:00:42 ; elapsed = 00:00:47 . Memory (MB): peak = 569.070 ; gain = 384.152
# write_checkpoint -noxdef TrafficController.dcp
# catch { report_utilization -file TrafficController_utilization_synth.rpt -pb TrafficController_utilization_synth.pb }
report_utilization: Time (s): cpu = 00:00:00 ; elapsed = 00:00:00.106 . Memory (MB): peak = 569.070 ; gain = 0.000
INFO: [Common 17-206] Exiting Vivado at Wed Feb 17 16:20:39 2016...
