#-----------------------------------------------------------
# PlanAhead v14.7 (64-bit)
# Build 321239 by xbuild on Fri Sep 27 19:29:51 MDT 2013
# Start of session at: Tue Feb 24 14:43:50 2015
# Process ID: 12116
# Log file: Z:/__SchoolWork/EE316_lab3a/planAhead_run_3/planAhead.log
# Journal file: Z:/__SchoolWork/EE316_lab3a/planAhead_run_3/planAhead.jou
#-----------------------------------------------------------
INFO: [Common 17-78] Attempting to get a license: PlanAhead
INFO: [Common 17-290] Got license for PlanAhead
INFO: [Common 17-86] Your PlanAhead license expires in -208 day(s)
INFO: [Device 21-36] Loading parts and site information from C:/Xilinx/14.7/ISE_DS/PlanAhead/data/parts/arch.xml
Parsing RTL primitives file [C:/Xilinx/14.7/ISE_DS/PlanAhead/data/parts/xilinx/rtl/prims/rtl_prims.xml]
Finished parsing RTL primitives file [C:/Xilinx/14.7/ISE_DS/PlanAhead/data/parts/xilinx/rtl/prims/rtl_prims.xml]
start_gui
source Z:/__SchoolWork/EE316_lab3a/pa.fromNetlist.tcl
# create_project -name EE316_lab3a -dir "Z:/__SchoolWork/EE316_lab3a/planAhead_run_3" -part xc3s1000ft256-5
# set_property design_mode GateLvl [get_property srcset [current_run -impl]]
# set_property edif_top_file "Z:/__SchoolWork/EE316_lab3a/EE316_lab2_circuit_vhdl.ngc" [ get_property srcset [ current_run ] ]
# add_files -norecurse { {Z:/__SchoolWork/EE316_lab3a} }
# set_param project.pinAheadLayout  yes
# set_property target_constrs_file "EE316_lab2_circuit_vhdl.ucf" [current_fileset -constrset]
Adding file 'Z:/__SchoolWork/EE316_lab3a/EE316_lab2_circuit_vhdl.ucf' to fileset 'constrs_1'
# add_files [list {EE316_lab2_circuit_vhdl.ucf}] -fileset [get_property constrset [current_run]]
# link_design
Design is defaulting to srcset: sources_1
Design is defaulting to constrset: constrs_1
Design is defaulting to project part: xc3s1000ft256-5
Release 14.7 - ngc2edif P.20131013 (nt64)
Copyright (c) 1995-2013 Xilinx, Inc.  All rights reserved.
Reading design EE316_lab2_circuit_vhdl.ngc ...
WARNING:NetListWriters:298 - No output is written to
   EE316_lab2_circuit_vhdl.xncf, ignored.
Processing design ...
   Preping design's networks ...
   Preping design's macros ...
  finished :Prep
Writing EDIF netlist file EE316_lab2_circuit_vhdl.edif ...
ngc2edif: Total memory usage is 79360 kilobytes

Parsing EDIF File [./planAhead_run_3/EE316_lab3a.data/cache/EE316_lab2_circuit_vhdl_ngc_zx.edif]
Finished Parsing EDIF File [./planAhead_run_3/EE316_lab3a.data/cache/EE316_lab2_circuit_vhdl_ngc_zx.edif]
INFO: [Designutils 20-910] Reading macro library C:/Xilinx/14.7/ISE_DS/PlanAhead/data\./parts/xilinx/spartan3/hd_int_macros.edn
Parsing EDIF File [C:/Xilinx/14.7/ISE_DS/PlanAhead/data\./parts/xilinx/spartan3/hd_int_macros.edn]
Finished Parsing EDIF File [C:/Xilinx/14.7/ISE_DS/PlanAhead/data\./parts/xilinx/spartan3/hd_int_macros.edn]
Loading clock regions from C:/Xilinx/14.7/ISE_DS/PlanAhead/data\parts/xilinx/spartan3/spartan3/xc3s1000/ClockRegion.xml
Loading clock buffers from C:/Xilinx/14.7/ISE_DS/PlanAhead/data\parts/xilinx/spartan3/spartan3/xc3s1000/ClockBuffers.xml
Loading package from C:/Xilinx/14.7/ISE_DS/PlanAhead/data\parts/xilinx/spartan3/spartan3/xc3s1000/ft256/Package.xml
Loading io standards from C:/Xilinx/14.7/ISE_DS/PlanAhead/data\./parts/xilinx/spartan3/IOStandards.xml
INFO: [Device 21-19] Loading pkg sso from C:/Xilinx/14.7/ISE_DS/PlanAhead/data\parts/xilinx/spartan3/spartan3/xc3s1000/ft256/SSORules.xml
Loading list of drcs for the architecture : C:/Xilinx/14.7/ISE_DS/PlanAhead/data\./parts/xilinx/spartan3/drc.xml
INFO: [Timing 38-77] Reading timing library C:/Xilinx/14.7/ISE_DS/PlanAhead/data\parts/xilinx/spartan3/spartan3/spartan3-5.lib.
INFO: [Timing 38-34] Done reading timing library C:/Xilinx/14.7/ISE_DS/PlanAhead/data\parts/xilinx/spartan3/spartan3/spartan3-5.lib.
Parsing UCF File [Z:/__SchoolWork/EE316_lab3a/EE316_lab2_circuit_vhdl.ucf]
Finished Parsing UCF File [Z:/__SchoolWork/EE316_lab3a/EE316_lab2_circuit_vhdl.ucf]
INFO: [Project 1-111] Unisim Transformation Summary:
No Unisim elements were transformed.

Phase 0 | Netlist Checksum: bae3086e
link_design: Time (s): elapsed = 00:00:12 . Memory (MB): peak = 515.230 ; gain = 106.180
exit
ERROR: [PlanAhead 12-106] *** Exception: ui.h.b: Found deleted key in HTclEventBroker. Verify if the classes listed here call cleanup()
HTclEvent: SIGNAL_MODIFY   Classes: ui.views.aR 
HTclEvent: DEBUG_PORT_CONFIG_CHANGE   Classes: ui.views.aR 
HTclEvent: DEBUG_CORE_CONFIG_CHANGE   Classes: ui.views.aR 
HTclEvent: SIGNAL_BUS_MODIFY   Classes: ui.views.aR 
 (See Z:/__SchoolWork/EE316_lab3a\planAhead_pid12116.debug)
ERROR: [Common 17-39] 'stop_gui' failed due to earlier errors.
INFO: [Common 17-206] Exiting PlanAhead at Tue Feb 24 14:46:44 2015...
INFO: [Common 17-83] Releasing license: PlanAhead
