
*** Running vivado
    with args -log ParkingMeter.vds -m64 -mode batch -messageDb vivado.pb -source ParkingMeter.tcl


****** Vivado v2014.4 (64-bit)
  **** SW Build 1071353 on Tue Nov 18 18:29:27 MST 2014
  **** IP Build 1070531 on Tue Nov 18 01:10:18 MST 2014
    ** Copyright 1986-2014 Xilinx, Inc. All Rights Reserved.

source ParkingMeter.tcl
# set_param gui.test TreeTableDev
# set_param xicom.use_bs_reader 1
# debug::add_scope template.lib 1
# set_msg_config -id {HDL 9-1061} -limit 100000
# set_msg_config -id {HDL 9-1654} -limit 100000
# create_project -in_memory -part xc7a35tcpg236-2L
# set_param project.compositeFile.enableAutoGeneration 0
# set_param synth.vivado.isSynthRun true
# set_property webtalk.parent_dir Z:/__SchoolWork/EE_460M_lab/lab_4/lab_4_xilinx_project/lab_4_xilinx_project.cache/wt [current_project]
# set_property parent.project_path Z:/__SchoolWork/EE_460M_lab/lab_4/lab_4_xilinx_project/lab_4_xilinx_project.xpr [current_project]
# set_property default_lib xil_defaultlib [current_project]
# set_property target_language Verilog [current_project]
# read_verilog -library xil_defaultlib {
#   Z:/__SchoolWork/EE_460M_lab/lab_4/lab_4_xilinx_project/lab_4_xilinx_project.srcs/sources_1/imports/lab_4/DisplayFSM.v
#   Z:/__SchoolWork/EE_460M_lab/lab_4/lab_4_xilinx_project/lab_4_xilinx_project.srcs/sources_1/imports/lab_4/BCDTo7Segment.v
#   Z:/__SchoolWork/EE_460M_lab/lab_4/lab_4_xilinx_project/lab_4_xilinx_project.srcs/sources_1/imports/lab_4/Divider.v
#   Z:/__SchoolWork/EE_460M_lab/lab_4/lab_4_xilinx_project/lab_4_xilinx_project.srcs/sources_1/imports/lab_4/SevenSegmentDisplayController.v
#   Z:/__SchoolWork/EE_460M_lab/lab_4/lab_4_xilinx_project/lab_4_xilinx_project.srcs/sources_1/imports/lab_4/BinaryToBCD4.v
#   Z:/__SchoolWork/EE_460M_lab/lab_4/lab_4_xilinx_project/lab_4_xilinx_project.srcs/sources_1/imports/lab_4/TimeLeft.v
#   Z:/__SchoolWork/EE_460M_lab/lab_4/lab_4_xilinx_project/lab_4_xilinx_project.srcs/sources_1/imports/lab_4/debouncer_singlepulser.v
#   Z:/__SchoolWork/EE_460M_lab/lab_4/lab_4_xilinx_project/lab_4_xilinx_project.srcs/sources_1/imports/lab_4/ParkingMeter.v
# }
# read_xdc Z:/__SchoolWork/EE_460M_lab/lab_4/lab_4_xilinx_project/lab_4_xilinx_project.srcs/constrs_1/imports/lab_4/Basys3_Master.xdc
# set_property used_in_implementation false [get_files Z:/__SchoolWork/EE_460M_lab/lab_4/lab_4_xilinx_project/lab_4_xilinx_project.srcs/constrs_1/imports/lab_4/Basys3_Master.xdc]
# catch { write_hwdef -file ParkingMeter.hwdef }
INFO: [Vivado_Tcl 4-279] hardware handoff file cannot be generated as there is no block diagram instance in the design
# synth_design -top ParkingMeter -part xc7a35tcpg236-2L
Command: synth_design -top ParkingMeter -part xc7a35tcpg236-2L
Starting synth_design
Attempting to get a license for feature 'Synthesis' and/or device 'xc7a35t'
INFO: [Common 17-349] Got license for feature 'Synthesis' and/or device 'xc7a35t'
INFO: [Common 17-1223] The version limit for your license is '2015.03' and will expire in -338 days. A version limit expiration means that, although you may be able to continue to use the current version of tools or IP with this license, you will not be eligible for any updates or new releases.
---------------------------------------------------------------------------------
Starting RTL Elaboration : Time (s): cpu = 00:00:07 ; elapsed = 00:00:10 . Memory (MB): peak = 239.590 ; gain = 81.246
---------------------------------------------------------------------------------
INFO: [Synth 8-638] synthesizing module 'ParkingMeter' [Z:/__SchoolWork/EE_460M_lab/lab_4/lab_4_xilinx_project/lab_4_xilinx_project.srcs/sources_1/imports/lab_4/ParkingMeter.v:2]
	Parameter CLOCK_FREQUENCY bound to: 100000000 - type: integer 
INFO: [Synth 8-638] synthesizing module 'DebPul' [Z:/__SchoolWork/EE_460M_lab/lab_4/lab_4_xilinx_project/lab_4_xilinx_project.srcs/sources_1/imports/lab_4/debouncer_singlepulser.v:53]
INFO: [Synth 8-638] synthesizing module 'Debouncer' [Z:/__SchoolWork/EE_460M_lab/lab_4/lab_4_xilinx_project/lab_4_xilinx_project.srcs/sources_1/imports/lab_4/debouncer_singlepulser.v:30]
INFO: [Synth 8-638] synthesizing module 'DFF' [Z:/__SchoolWork/EE_460M_lab/lab_4/lab_4_xilinx_project/lab_4_xilinx_project.srcs/sources_1/imports/lab_4/debouncer_singlepulser.v:1]
INFO: [Synth 8-256] done synthesizing module 'DFF' (1#1) [Z:/__SchoolWork/EE_460M_lab/lab_4/lab_4_xilinx_project/lab_4_xilinx_project.srcs/sources_1/imports/lab_4/debouncer_singlepulser.v:1]
INFO: [Synth 8-256] done synthesizing module 'Debouncer' (2#1) [Z:/__SchoolWork/EE_460M_lab/lab_4/lab_4_xilinx_project/lab_4_xilinx_project.srcs/sources_1/imports/lab_4/debouncer_singlepulser.v:30]
INFO: [Synth 8-638] synthesizing module 'SinglePulser' [Z:/__SchoolWork/EE_460M_lab/lab_4/lab_4_xilinx_project/lab_4_xilinx_project.srcs/sources_1/imports/lab_4/debouncer_singlepulser.v:42]
INFO: [Synth 8-638] synthesizing module 'AND_2' [Z:/__SchoolWork/EE_460M_lab/lab_4/lab_4_xilinx_project/lab_4_xilinx_project.srcs/sources_1/imports/lab_4/debouncer_singlepulser.v:23]
INFO: [Synth 8-256] done synthesizing module 'AND_2' (3#1) [Z:/__SchoolWork/EE_460M_lab/lab_4/lab_4_xilinx_project/lab_4_xilinx_project.srcs/sources_1/imports/lab_4/debouncer_singlepulser.v:23]
INFO: [Synth 8-256] done synthesizing module 'SinglePulser' (4#1) [Z:/__SchoolWork/EE_460M_lab/lab_4/lab_4_xilinx_project/lab_4_xilinx_project.srcs/sources_1/imports/lab_4/debouncer_singlepulser.v:42]
INFO: [Synth 8-256] done synthesizing module 'DebPul' (5#1) [Z:/__SchoolWork/EE_460M_lab/lab_4/lab_4_xilinx_project/lab_4_xilinx_project.srcs/sources_1/imports/lab_4/debouncer_singlepulser.v:53]
INFO: [Synth 8-638] synthesizing module 'Divider' [Z:/__SchoolWork/EE_460M_lab/lab_4/lab_4_xilinx_project/lab_4_xilinx_project.srcs/sources_1/imports/lab_4/Divider.v:4]
	Parameter DIVIDE_BY bound to: 1000000 - type: integer 
	Parameter DURATION bound to: 500000 - type: integer 
INFO: [Synth 8-256] done synthesizing module 'Divider' (6#1) [Z:/__SchoolWork/EE_460M_lab/lab_4/lab_4_xilinx_project/lab_4_xilinx_project.srcs/sources_1/imports/lab_4/Divider.v:4]
INFO: [Synth 8-638] synthesizing module 'Divider__parameterized0' [Z:/__SchoolWork/EE_460M_lab/lab_4/lab_4_xilinx_project/lab_4_xilinx_project.srcs/sources_1/imports/lab_4/Divider.v:4]
	Parameter DIVIDE_BY bound to: 100000000 - type: integer 
	Parameter DURATION bound to: 1 - type: integer 
INFO: [Synth 8-256] done synthesizing module 'Divider__parameterized0' (6#1) [Z:/__SchoolWork/EE_460M_lab/lab_4/lab_4_xilinx_project/lab_4_xilinx_project.srcs/sources_1/imports/lab_4/Divider.v:4]
INFO: [Synth 8-638] synthesizing module 'Divider__parameterized1' [Z:/__SchoolWork/EE_460M_lab/lab_4/lab_4_xilinx_project/lab_4_xilinx_project.srcs/sources_1/imports/lab_4/Divider.v:4]
	Parameter DIVIDE_BY bound to: 100000000 - type: integer 
	Parameter DURATION bound to: 50000000 - type: integer 
INFO: [Synth 8-256] done synthesizing module 'Divider__parameterized1' (6#1) [Z:/__SchoolWork/EE_460M_lab/lab_4/lab_4_xilinx_project/lab_4_xilinx_project.srcs/sources_1/imports/lab_4/Divider.v:4]
INFO: [Synth 8-638] synthesizing module 'Divider__parameterized2' [Z:/__SchoolWork/EE_460M_lab/lab_4/lab_4_xilinx_project/lab_4_xilinx_project.srcs/sources_1/imports/lab_4/Divider.v:4]
	Parameter DIVIDE_BY bound to: 200000000 - type: integer 
	Parameter DURATION bound to: 100000000 - type: integer 
INFO: [Synth 8-256] done synthesizing module 'Divider__parameterized2' (6#1) [Z:/__SchoolWork/EE_460M_lab/lab_4/lab_4_xilinx_project/lab_4_xilinx_project.srcs/sources_1/imports/lab_4/Divider.v:4]
INFO: [Synth 8-638] synthesizing module 'TimeLeft' [Z:/__SchoolWork/EE_460M_lab/lab_4/lab_4_xilinx_project/lab_4_xilinx_project.srcs/sources_1/imports/lab_4/TimeLeft.v:2]
INFO: [Synth 8-256] done synthesizing module 'TimeLeft' (7#1) [Z:/__SchoolWork/EE_460M_lab/lab_4/lab_4_xilinx_project/lab_4_xilinx_project.srcs/sources_1/imports/lab_4/TimeLeft.v:2]
INFO: [Synth 8-638] synthesizing module 'BinaryToBCD4' [Z:/__SchoolWork/EE_460M_lab/lab_4/lab_4_xilinx_project/lab_4_xilinx_project.srcs/sources_1/imports/lab_4/BinaryToBCD4.v:3]
INFO: [Synth 8-256] done synthesizing module 'BinaryToBCD4' (8#1) [Z:/__SchoolWork/EE_460M_lab/lab_4/lab_4_xilinx_project/lab_4_xilinx_project.srcs/sources_1/imports/lab_4/BinaryToBCD4.v:3]
INFO: [Synth 8-638] synthesizing module 'SevenSegmentDisplayController' [Z:/__SchoolWork/EE_460M_lab/lab_4/lab_4_xilinx_project/lab_4_xilinx_project.srcs/sources_1/imports/lab_4/SevenSegmentDisplayController.v:2]
	Parameter CLOCK_FREQUENCY bound to: 100000000 - type: integer 
	Parameter REFRESH_RATE bound to: 80 - type: integer 
	Parameter DIVIDE_FREQUENCY bound to: 312500 - type: integer 
INFO: [Synth 8-638] synthesizing module 'BCDTo7Segment' [Z:/__SchoolWork/EE_460M_lab/lab_4/lab_4_xilinx_project/lab_4_xilinx_project.srcs/sources_1/imports/lab_4/BCDTo7Segment.v:2]
INFO: [Synth 8-256] done synthesizing module 'BCDTo7Segment' (9#1) [Z:/__SchoolWork/EE_460M_lab/lab_4/lab_4_xilinx_project/lab_4_xilinx_project.srcs/sources_1/imports/lab_4/BCDTo7Segment.v:2]
INFO: [Synth 8-638] synthesizing module 'Divider__parameterized3' [Z:/__SchoolWork/EE_460M_lab/lab_4/lab_4_xilinx_project/lab_4_xilinx_project.srcs/sources_1/imports/lab_4/Divider.v:4]
	Parameter DIVIDE_BY bound to: 312500 - type: integer 
	Parameter DURATION bound to: 156250 - type: integer 
INFO: [Synth 8-256] done synthesizing module 'Divider__parameterized3' (9#1) [Z:/__SchoolWork/EE_460M_lab/lab_4/lab_4_xilinx_project/lab_4_xilinx_project.srcs/sources_1/imports/lab_4/Divider.v:4]
INFO: [Synth 8-638] synthesizing module 'DisplayFSM' [Z:/__SchoolWork/EE_460M_lab/lab_4/lab_4_xilinx_project/lab_4_xilinx_project.srcs/sources_1/imports/lab_4/DisplayFSM.v:2]
INFO: [Synth 8-256] done synthesizing module 'DisplayFSM' (10#1) [Z:/__SchoolWork/EE_460M_lab/lab_4/lab_4_xilinx_project/lab_4_xilinx_project.srcs/sources_1/imports/lab_4/DisplayFSM.v:2]
INFO: [Synth 8-256] done synthesizing module 'SevenSegmentDisplayController' (11#1) [Z:/__SchoolWork/EE_460M_lab/lab_4/lab_4_xilinx_project/lab_4_xilinx_project.srcs/sources_1/imports/lab_4/SevenSegmentDisplayController.v:2]
INFO: [Synth 8-256] done synthesizing module 'ParkingMeter' (12#1) [Z:/__SchoolWork/EE_460M_lab/lab_4/lab_4_xilinx_project/lab_4_xilinx_project.srcs/sources_1/imports/lab_4/ParkingMeter.v:2]
---------------------------------------------------------------------------------
Finished RTL Elaboration : Time (s): cpu = 00:00:09 ; elapsed = 00:00:13 . Memory (MB): peak = 272.773 ; gain = 114.430
---------------------------------------------------------------------------------

Report Check Netlist: 
+------+------------------+-------+---------+-------+------------------+
|      |Item              |Errors |Warnings |Status |Description       |
+------+------------------+-------+---------+-------+------------------+
|1     |multi_driven_nets |      0|        0|Passed |Multi driven nets |
+------+------------------+-------+---------+-------+------------------+
---------------------------------------------------------------------------------
Finished RTL Optimization Phase 1 : Time (s): cpu = 00:00:09 ; elapsed = 00:00:14 . Memory (MB): peak = 272.773 ; gain = 114.430
---------------------------------------------------------------------------------
Loading clock regions from C:/Xilinx/Vivado/2014.4/data\parts/xilinx/artix7/artix7/xc7a35t/ClockRegion.xml
Loading clock buffers from C:/Xilinx/Vivado/2014.4/data\parts/xilinx/artix7/artix7/xc7a35t/ClockBuffers.xml
Loading clock placement rules from C:/Xilinx/Vivado/2014.4/data/parts/xilinx/artix7/ClockPlacerRules.xml
Loading package pin functions from C:/Xilinx/Vivado/2014.4/data\parts/xilinx/artix7/PinFunctions.xml...
Loading package from C:/Xilinx/Vivado/2014.4/data\parts/xilinx/artix7/artix7/xc7a35t/cpg236/Package.xml
Loading io standards from C:/Xilinx/Vivado/2014.4/data\./parts/xilinx/artix7/IOStandards.xml
Loading device configuration modes from C:/Xilinx/Vivado/2014.4/data\parts/xilinx/artix7/ConfigModes.xml
INFO: [Project 1-570] Preparing netlist for logic optimization

Processing XDC Constraints
Initializing timing engine
Parsing XDC File [Z:/__SchoolWork/EE_460M_lab/lab_4/lab_4_xilinx_project/lab_4_xilinx_project.srcs/constrs_1/imports/lab_4/Basys3_Master.xdc]
Finished Parsing XDC File [Z:/__SchoolWork/EE_460M_lab/lab_4/lab_4_xilinx_project/lab_4_xilinx_project.srcs/constrs_1/imports/lab_4/Basys3_Master.xdc]
Completed Processing XDC Constraints

INFO: [Project 1-111] Unisim Transformation Summary:
No Unisim elements were transformed.

Constraint Validation Runtime : Time (s): cpu = 00:00:00 ; elapsed = 00:00:00.015 . Memory (MB): peak = 570.977 ; gain = 0.000
---------------------------------------------------------------------------------
Finished Constraint Validation : Time (s): cpu = 00:00:21 ; elapsed = 00:00:27 . Memory (MB): peak = 570.977 ; gain = 412.633
---------------------------------------------------------------------------------
---------------------------------------------------------------------------------
Start Loading Part and Timing Information
---------------------------------------------------------------------------------
Loading part: xc7a35tcpg236-2L
---------------------------------------------------------------------------------
Finished Loading Part and Timing Information : Time (s): cpu = 00:00:21 ; elapsed = 00:00:27 . Memory (MB): peak = 570.977 ; gain = 412.633
---------------------------------------------------------------------------------
---------------------------------------------------------------------------------
Start Applying 'set_property' XDC Constraints
---------------------------------------------------------------------------------
---------------------------------------------------------------------------------
Finished applying 'set_property' XDC Constraints : Time (s): cpu = 00:00:21 ; elapsed = 00:00:27 . Memory (MB): peak = 570.977 ; gain = 412.633
---------------------------------------------------------------------------------
ROM "count" won't be mapped to RAM because address size (32) is larger than maximum supported(18) 
ROM "count" won't be mapped to RAM because address size (32) is larger than maximum supported(18) 
ROM "count" won't be mapped to RAM because address size (32) is larger than maximum supported(18) 
ROM "count" won't be mapped to RAM because address size (32) is larger than maximum supported(18) 
ROM "count" won't be mapped to RAM because address size (32) is larger than maximum supported(18) 
---------------------------------------------------------------------------------
Finished RTL Optimization Phase 2 : Time (s): cpu = 00:00:22 ; elapsed = 00:00:28 . Memory (MB): peak = 570.977 ; gain = 412.633
---------------------------------------------------------------------------------

Report RTL Partitions: 
+-+--------------+------------+----------+
| |RTL Partition |Replication |Instances |
+-+--------------+------------+----------+
+-+--------------+------------+----------+
---------------------------------------------------------------------------------
Start RTL Component Statistics 
---------------------------------------------------------------------------------
Detailed RTL Component Info : 
+---Adders : 
	   2 Input     32 Bit       Adders := 5     
	   6 Input     14 Bit       Adders := 1     
+---Registers : 
	               32 Bit    Registers := 5     
	               14 Bit    Registers := 1     
	                2 Bit    Registers := 1     
	                1 Bit    Registers := 49    
+---Muxes : 
	   2 Input     32 Bit        Muxes := 5     
	   2 Input     14 Bit        Muxes := 3     
	  11 Input      8 Bit        Muxes := 4     
	   4 Input      8 Bit        Muxes := 1     
	   4 Input      4 Bit        Muxes := 1     
	   2 Input      4 Bit        Muxes := 3     
	   4 Input      2 Bit        Muxes := 1     
---------------------------------------------------------------------------------
Finished RTL Component Statistics 
---------------------------------------------------------------------------------
---------------------------------------------------------------------------------
Start RTL Hierarchical Component Statistics 
---------------------------------------------------------------------------------
Hierarchical RTL Component report 
Module ParkingMeter 
Detailed RTL Component Info : 
+---Muxes : 
	   2 Input      4 Bit        Muxes := 3     
Module DFF 
Detailed RTL Component Info : 
+---Registers : 
	                1 Bit    Registers := 2     
Module Debouncer 
Detailed RTL Component Info : 
Module AND_2 
Detailed RTL Component Info : 
Module SinglePulser 
Detailed RTL Component Info : 
Module DebPul 
Detailed RTL Component Info : 
Module Divider 
Detailed RTL Component Info : 
+---Adders : 
	   2 Input     32 Bit       Adders := 1     
+---Registers : 
	               32 Bit    Registers := 1     
	                1 Bit    Registers := 1     
+---Muxes : 
	   2 Input     32 Bit        Muxes := 1     
Module Divider__parameterized0 
Detailed RTL Component Info : 
+---Adders : 
	   2 Input     32 Bit       Adders := 1     
+---Registers : 
	               32 Bit    Registers := 1     
	                1 Bit    Registers := 1     
+---Muxes : 
	   2 Input     32 Bit        Muxes := 1     
Module Divider__parameterized1 
Detailed RTL Component Info : 
+---Adders : 
	   2 Input     32 Bit       Adders := 1     
+---Registers : 
	               32 Bit    Registers := 1     
	                1 Bit    Registers := 1     
+---Muxes : 
	   2 Input     32 Bit        Muxes := 1     
Module Divider__parameterized2 
Detailed RTL Component Info : 
+---Adders : 
	   2 Input     32 Bit       Adders := 1     
+---Registers : 
	               32 Bit    Registers := 1     
	                1 Bit    Registers := 1     
+---Muxes : 
	   2 Input     32 Bit        Muxes := 1     
Module TimeLeft 
Detailed RTL Component Info : 
+---Adders : 
	   6 Input     14 Bit       Adders := 1     
+---Registers : 
	               14 Bit    Registers := 1     
+---Muxes : 
	   2 Input     14 Bit        Muxes := 3     
Module BinaryToBCD4 
Detailed RTL Component Info : 
Module BCDTo7Segment 
Detailed RTL Component Info : 
+---Muxes : 
	  11 Input      8 Bit        Muxes := 1     
Module Divider__parameterized3 
Detailed RTL Component Info : 
+---Adders : 
	   2 Input     32 Bit       Adders := 1     
+---Registers : 
	               32 Bit    Registers := 1     
	                1 Bit    Registers := 1     
+---Muxes : 
	   2 Input     32 Bit        Muxes := 1     
Module DisplayFSM 
Detailed RTL Component Info : 
+---Registers : 
	                2 Bit    Registers := 1     
+---Muxes : 
	   4 Input      2 Bit        Muxes := 1     
Module SevenSegmentDisplayController 
Detailed RTL Component Info : 
+---Muxes : 
	   4 Input      8 Bit        Muxes := 1     
	   4 Input      4 Bit        Muxes := 1     
---------------------------------------------------------------------------------
Finished RTL Hierarchical Component Statistics
---------------------------------------------------------------------------------
---------------------------------------------------------------------------------
Start Part Resource Summary
---------------------------------------------------------------------------------
Part Resources:
DSPs: 120 (col length:60)
BRAMs: 150 (col length: RAMB18 60 RAMB36 30)
---------------------------------------------------------------------------------
Finished Part Resource Summary
---------------------------------------------------------------------------------
Start Parallel Synthesis Optimization  : Time (s): cpu = 00:00:22 ; elapsed = 00:00:28 . Memory (MB): peak = 570.977 ; gain = 412.633
---------------------------------------------------------------------------------
Start Cross Boundary Optimization
---------------------------------------------------------------------------------
ROM "db_div/count" won't be mapped to RAM because address size (32) is larger than maximum supported(18) 
ROM "div0/count" won't be mapped to RAM because address size (32) is larger than maximum supported(18) 
ROM "div1/count" won't be mapped to RAM because address size (32) is larger than maximum supported(18) 
ROM "div2/count" won't be mapped to RAM because address size (32) is larger than maximum supported(18) 
ROM "div0/count" won't be mapped to RAM because address size (32) is larger than maximum supported(18) 
ROM "div1/count" won't be mapped to RAM because address size (32) is larger than maximum supported(18) 
ROM "div2/count" won't be mapped to RAM because address size (32) is larger than maximum supported(18) 
ROM "db_div/count" won't be mapped to RAM because address size (32) is larger than maximum supported(18) 
ROM "div0/count" won't be mapped to RAM because address size (32) is larger than maximum supported(18) 
---------------------------------------------------------------------------------
Finished Cross Boundary Optimization : Time (s): cpu = 00:00:23 ; elapsed = 00:00:29 . Memory (MB): peak = 570.977 ; gain = 412.633
---------------------------------------------------------------------------------
Finished Parallel Reinference  : Time (s): cpu = 00:00:23 ; elapsed = 00:00:29 . Memory (MB): peak = 570.977 ; gain = 412.633

Report RTL Partitions: 
+-+--------------+------------+----------+
| |RTL Partition |Replication |Instances |
+-+--------------+------------+----------+
+-+--------------+------------+----------+
---------------------------------------------------------------------------------
Start RAM, DSP and Shift Register Reporting
---------------------------------------------------------------------------------
---------------------------------------------------------------------------------
Finished RAM, DSP and Shift Register Reporting
---------------------------------------------------------------------------------
---------------------------------------------------------------------------------
Start Area Optimization
---------------------------------------------------------------------------------
WARNING: [Synth 8-3332] Sequential element (\div2/count_reg[31] ) is unused and will be removed from module ParkingMeter.
WARNING: [Synth 8-3332] Sequential element (\div2/count_reg[30] ) is unused and will be removed from module ParkingMeter.
WARNING: [Synth 8-3332] Sequential element (\div2/count_reg[29] ) is unused and will be removed from module ParkingMeter.
WARNING: [Synth 8-3332] Sequential element (\div2/count_reg[28] ) is unused and will be removed from module ParkingMeter.
WARNING: [Synth 8-3332] Sequential element (\div2/count_reg[27] ) is unused and will be removed from module ParkingMeter.
WARNING: [Synth 8-3332] Sequential element (\div2/count_reg[26] ) is unused and will be removed from module ParkingMeter.
WARNING: [Synth 8-3332] Sequential element (\div2/count_reg[25] ) is unused and will be removed from module ParkingMeter.
WARNING: [Synth 8-3332] Sequential element (\div2/count_reg[24] ) is unused and will be removed from module ParkingMeter.
WARNING: [Synth 8-3332] Sequential element (\div2/count_reg[23] ) is unused and will be removed from module ParkingMeter.
WARNING: [Synth 8-3332] Sequential element (\div2/count_reg[22] ) is unused and will be removed from module ParkingMeter.
WARNING: [Synth 8-3332] Sequential element (\div2/count_reg[21] ) is unused and will be removed from module ParkingMeter.
WARNING: [Synth 8-3332] Sequential element (\div2/count_reg[20] ) is unused and will be removed from module ParkingMeter.
WARNING: [Synth 8-3332] Sequential element (\div2/count_reg[19] ) is unused and will be removed from module ParkingMeter.
WARNING: [Synth 8-3332] Sequential element (\div2/count_reg[18] ) is unused and will be removed from module ParkingMeter.
WARNING: [Synth 8-3332] Sequential element (\div2/count_reg[17] ) is unused and will be removed from module ParkingMeter.
WARNING: [Synth 8-3332] Sequential element (\div2/count_reg[16] ) is unused and will be removed from module ParkingMeter.
WARNING: [Synth 8-3332] Sequential element (\div2/count_reg[15] ) is unused and will be removed from module ParkingMeter.
WARNING: [Synth 8-3332] Sequential element (\div2/count_reg[14] ) is unused and will be removed from module ParkingMeter.
WARNING: [Synth 8-3332] Sequential element (\div2/count_reg[13] ) is unused and will be removed from module ParkingMeter.
WARNING: [Synth 8-3332] Sequential element (\div2/count_reg[12] ) is unused and will be removed from module ParkingMeter.
WARNING: [Synth 8-3332] Sequential element (\div2/count_reg[11] ) is unused and will be removed from module ParkingMeter.
WARNING: [Synth 8-3332] Sequential element (\div2/count_reg[10] ) is unused and will be removed from module ParkingMeter.
WARNING: [Synth 8-3332] Sequential element (\div2/count_reg[9] ) is unused and will be removed from module ParkingMeter.
WARNING: [Synth 8-3332] Sequential element (\div2/count_reg[8] ) is unused and will be removed from module ParkingMeter.
WARNING: [Synth 8-3332] Sequential element (\div2/count_reg[7] ) is unused and will be removed from module ParkingMeter.
WARNING: [Synth 8-3332] Sequential element (\div2/count_reg[6] ) is unused and will be removed from module ParkingMeter.
WARNING: [Synth 8-3332] Sequential element (\div2/count_reg[5] ) is unused and will be removed from module ParkingMeter.
WARNING: [Synth 8-3332] Sequential element (\div2/count_reg[4] ) is unused and will be removed from module ParkingMeter.
WARNING: [Synth 8-3332] Sequential element (\div2/count_reg[3] ) is unused and will be removed from module ParkingMeter.
WARNING: [Synth 8-3332] Sequential element (\div2/count_reg[2] ) is unused and will be removed from module ParkingMeter.
WARNING: [Synth 8-3332] Sequential element (\div2/count_reg[1] ) is unused and will be removed from module ParkingMeter.
WARNING: [Synth 8-3332] Sequential element (\div2/count_reg[0] ) is unused and will be removed from module ParkingMeter.
WARNING: [Synth 8-3332] Sequential element (\div2/out_reg ) is unused and will be removed from module ParkingMeter.
---------------------------------------------------------------------------------
Finished Area Optimization : Time (s): cpu = 00:00:29 ; elapsed = 00:00:36 . Memory (MB): peak = 570.977 ; gain = 412.633
---------------------------------------------------------------------------------
---------------------------------------------------------------------------------
Finished Area Optimization : Time (s): cpu = 00:00:29 ; elapsed = 00:00:36 . Memory (MB): peak = 570.977 ; gain = 412.633
---------------------------------------------------------------------------------
Finished Parallel Area Optimization  : Time (s): cpu = 00:00:29 ; elapsed = 00:00:36 . Memory (MB): peak = 570.977 ; gain = 412.633

Report RTL Partitions: 
+-+--------------+------------+----------+
| |RTL Partition |Replication |Instances |
+-+--------------+------------+----------+
+-+--------------+------------+----------+
Finished Parallel Synthesis Optimization  : Time (s): cpu = 00:00:29 ; elapsed = 00:00:36 . Memory (MB): peak = 570.977 ; gain = 412.633
---------------------------------------------------------------------------------
Start Timing Optimization
---------------------------------------------------------------------------------
---------------------------------------------------------------------------------
Start Applying XDC Timing Constraints
---------------------------------------------------------------------------------
---------------------------------------------------------------------------------
Finished Applying XDC Timing Constraints : Time (s): cpu = 00:00:47 ; elapsed = 00:00:54 . Memory (MB): peak = 570.977 ; gain = 412.633
---------------------------------------------------------------------------------
---------------------------------------------------------------------------------
Finished Timing Optimization : Time (s): cpu = 00:00:47 ; elapsed = 00:00:55 . Memory (MB): peak = 570.977 ; gain = 412.633
---------------------------------------------------------------------------------

Report RTL Partitions: 
+-+--------------+------------+----------+
| |RTL Partition |Replication |Instances |
+-+--------------+------------+----------+
+-+--------------+------------+----------+
---------------------------------------------------------------------------------
Start Technology Mapping
---------------------------------------------------------------------------------
---------------------------------------------------------------------------------
Finished Technology Mapping : Time (s): cpu = 00:00:50 ; elapsed = 00:00:57 . Memory (MB): peak = 576.715 ; gain = 418.371
---------------------------------------------------------------------------------

Report RTL Partitions: 
+-+--------------+------------+----------+
| |RTL Partition |Replication |Instances |
+-+--------------+------------+----------+
+-+--------------+------------+----------+
---------------------------------------------------------------------------------
Start IO Insertion
---------------------------------------------------------------------------------
---------------------------------------------------------------------------------
Start Flattening Before IO Insertion
---------------------------------------------------------------------------------
---------------------------------------------------------------------------------
Finished Flattening Before IO Insertion
---------------------------------------------------------------------------------
---------------------------------------------------------------------------------
Start Final Netlist Cleanup
---------------------------------------------------------------------------------
---------------------------------------------------------------------------------
Finished Final Netlist Cleanup
---------------------------------------------------------------------------------
---------------------------------------------------------------------------------
Finished IO Insertion : Time (s): cpu = 00:00:50 ; elapsed = 00:00:58 . Memory (MB): peak = 576.715 ; gain = 418.371
---------------------------------------------------------------------------------

Report Check Netlist: 
+------+------------------+-------+---------+-------+------------------+
|      |Item              |Errors |Warnings |Status |Description       |
+------+------------------+-------+---------+-------+------------------+
|1     |multi_driven_nets |      0|        0|Passed |Multi driven nets |
+------+------------------+-------+---------+-------+------------------+
---------------------------------------------------------------------------------
Start Renaming Generated Instances
---------------------------------------------------------------------------------
---------------------------------------------------------------------------------
Finished Renaming Generated Instances : Time (s): cpu = 00:00:50 ; elapsed = 00:00:58 . Memory (MB): peak = 576.715 ; gain = 418.371
---------------------------------------------------------------------------------

Report RTL Partitions: 
+-+--------------+------------+----------+
| |RTL Partition |Replication |Instances |
+-+--------------+------------+----------+
+-+--------------+------------+----------+
---------------------------------------------------------------------------------
Start Rebuilding User Hierarchy
---------------------------------------------------------------------------------
---------------------------------------------------------------------------------
Finished Rebuilding User Hierarchy : Time (s): cpu = 00:00:51 ; elapsed = 00:00:58 . Memory (MB): peak = 576.715 ; gain = 418.371
---------------------------------------------------------------------------------
---------------------------------------------------------------------------------
Start RAM, DSP and Shift Register Reporting
---------------------------------------------------------------------------------
---------------------------------------------------------------------------------
Finished RAM, DSP and Shift Register Reporting
---------------------------------------------------------------------------------
---------------------------------------------------------------------------------
Start Writing Synthesis Report
---------------------------------------------------------------------------------

Report BlackBoxes: 
+-+--------------+----------+
| |BlackBox name |Instances |
+-+--------------+----------+
+-+--------------+----------+

Report Cell Usage: 
+------+-------+------+
|      |Cell   |Count |
+------+-------+------+
|1     |BUFG   |     1|
|2     |CARRY4 |    72|
|3     |LUT1   |   146|
|4     |LUT2   |   235|
|5     |LUT3   |    32|
|6     |LUT4   |    41|
|7     |LUT5   |    34|
|8     |LUT6   |   119|
|9     |FDRE   |   170|
|10    |IBUF   |     7|
|11    |OBUF   |    12|
+------+-------+------+

Report Instance Areas: 
+------+---------------+------------------------------+------+
|      |Instance       |Module                        |Cells |
+------+---------------+------------------------------+------+
|1     |top            |                              |   869|
|2     |  db_div       |Divider                       |   141|
|3     |  deb_reset10  |Debouncer                     |    13|
|4     |    FF1        |DFF_29                        |     1|
|5     |    FF2        |DFF_30                        |     1|
|6     |    FF3        |DFF_31                        |    11|
|7     |  deb_reset205 |Debouncer_0                   |     7|
|8     |    FF1        |DFF_26                        |     1|
|9     |    FF2        |DFF_27                        |     1|
|10    |    FF3        |DFF_28                        |     5|
|11    |  display0     |SevenSegmentDisplayController |   152|
|12    |    div0       |Divider__parameterized3       |   145|
|13    |    fsm0       |DisplayFSM                    |     7|
|14    |  div0         |Divider__parameterized0       |   139|
|15    |  div1         |Divider__parameterized1       |   142|
|16    |  dp_add150    |DebPul                        |    20|
|17    |    DEB        |Debouncer_20                  |    14|
|18    |      FF1      |DFF_23                        |     1|
|19    |      FF2      |DFF_24                        |     1|
|20    |      FF3      |DFF_25                        |    12|
|21    |    PUL        |SinglePulser_21               |     6|
|22    |      FF3      |DFF_22                        |     6|
|23    |  dp_add200    |DebPul_1                      |    12|
|24    |    DEB        |Debouncer_14                  |     7|
|25    |      FF1      |DFF_17                        |     1|
|26    |      FF2      |DFF_18                        |     1|
|27    |      FF3      |DFF_19                        |     5|
|28    |    PUL        |SinglePulser_15               |     5|
|29    |      FF3      |DFF_16                        |     5|
|30    |  dp_add50     |DebPul_2                      |    10|
|31    |    DEB        |Debouncer_8                   |     5|
|32    |      FF1      |DFF_11                        |     1|
|33    |      FF2      |DFF_12                        |     1|
|34    |      FF3      |DFF_13                        |     3|
|35    |    PUL        |SinglePulser_9                |     5|
|36    |      FF3      |DFF_10                        |     5|
|37    |  dp_add500    |DebPul_3                      |    15|
|38    |    DEB        |Debouncer_4                   |    11|
|39    |      FF1      |DFF_5                         |     1|
|40    |      FF2      |DFF_6                         |     1|
|41    |      FF3      |DFF_7                         |     9|
|42    |    PUL        |SinglePulser                  |     4|
|43    |      FF3      |DFF                           |     4|
|44    |  tl0          |TimeLeft                      |   193|
+------+---------------+------------------------------+------+
---------------------------------------------------------------------------------
Finished Writing Synthesis Report : Time (s): cpu = 00:00:51 ; elapsed = 00:01:00 . Memory (MB): peak = 576.715 ; gain = 418.371
---------------------------------------------------------------------------------
Synthesis finished with 0 errors, 0 critical warnings and 33 warnings.
Synthesis Optimization Runtime : Time (s): cpu = 00:00:00 ; elapsed = 00:00:47 . Memory (MB): peak = 576.715 ; gain = 90.258
Synthesis Optimization Complete : Time (s): cpu = 00:00:51 ; elapsed = 00:01:01 . Memory (MB): peak = 576.715 ; gain = 418.371
INFO: [Project 1-571] Translating synthesized netlist
INFO: [Netlist 29-17] Analyzing 79 Unisim elements for replacement
INFO: [Netlist 29-28] Unisim Transformation completed in 0 CPU seconds
INFO: [Project 1-570] Preparing netlist for logic optimization
INFO: [Opt 31-140] Inserted 0 IBUFs to IO ports without IO buffers.
INFO: [Opt 31-141] Inserted 0 OBUFs to IO ports without IO buffers.
INFO: [Opt 31-138] Pushed 0 inverter(s) to 0 load pin(s).
INFO: [Project 1-111] Unisim Transformation Summary:
No Unisim elements were transformed.

INFO: [Common 17-83] Releasing license: Synthesis
45 Infos, 33 Warnings, 0 Critical Warnings and 0 Errors encountered.
synth_design completed successfully
synth_design: Time (s): cpu = 00:00:51 ; elapsed = 00:00:59 . Memory (MB): peak = 577.129 ; gain = 391.984
# write_checkpoint -noxdef ParkingMeter.dcp
# catch { report_utilization -file ParkingMeter_utilization_synth.rpt -pb ParkingMeter_utilization_synth.pb }
report_utilization: Time (s): cpu = 00:00:00 ; elapsed = 00:00:00.121 . Memory (MB): peak = 577.129 ; gain = 0.000
INFO: [Common 17-206] Exiting Vivado at Thu Mar 03 17:36:02 2016...
