--------------------------------------------------------------------------------
Release 14.7 Trace  (nt64)
Copyright (c) 1995-2013 Xilinx, Inc.  All rights reserved.

C:\Xilinx\14.7\ISE_DS\ISE\bin\nt64\unwrapped\trce.exe -intstyle ise -v 3 -s 5
-n 3 -fastpaths -xml lab7.twx lab7.ncd -o lab7.twr lab7.pcf -ucf lab7.ucf

Design file:              lab7.ncd
Physical constraint file: lab7.pcf
Device,package,speed:     xc3s1000,ft256,-5 (PRODUCTION 1.39 2013-10-13)
Report level:             verbose report

Environment Variable      Effect 
--------------------      ------ 
NONE                      No environment variables were set
--------------------------------------------------------------------------------

INFO:Timing:2698 - No timing constraints found, doing default enumeration.
INFO:Timing:3412 - To improve timing, see the Timing Closure User Guide (UG612).
INFO:Timing:2752 - To get complete path coverage, use the unconstrained paths 
   option. All paths that are not constrained will be reported in the 
   unconstrained paths section(s) of the report.
INFO:Timing:3339 - The clock-to-out numbers in this timing report are based on 
   a 50 Ohm transmission line loading model.  For the details of this model, 
   and for more information on accounting for different loading conditions, 
   please see the device datasheet.
INFO:Timing:3390 - This architecture does not support a default System Jitter 
   value, please add SYSTEM_JITTER constraint to the UCF to modify the Clock 
   Uncertainty calculation.
INFO:Timing:3389 - This architecture does not support 'Discrete Jitter' and 
   'Phase Error' calculations, these terms will be zero in the Clock 
   Uncertainty calculation.  Please make appropriate modification to 
   SYSTEM_JITTER to account for the unsupported Discrete Jitter and Phase 
   Error.



Data Sheet report:
-----------------
All values displayed in nanoseconds (ns)

Setup/Hold to clock clock
------------+------------+------------+------------------+--------+
            |Max Setup to|Max Hold to |                  | Clock  |
Source      | clk (edge) | clk (edge) |Internal Clock(s) | Phase  |
------------+------------+------------+------------------+--------+
bus_in<0>   |    2.991(R)|   -0.214(R)|clock_BUFGP       |   0.000|
bus_in<1>   |    3.012(R)|   -0.080(R)|clock_BUFGP       |   0.000|
bus_in<2>   |    2.147(R)|    0.268(R)|clock_BUFGP       |   0.000|
bus_in<3>   |    0.799(R)|    0.432(R)|clock_BUFGP       |   0.000|
start       |    4.296(R)|    0.194(R)|clock_BUFGP       |   0.000|
------------+------------+------------+------------------+--------+

Clock clock to Pad
------------+------------+------------------+--------+
            | clk (edge) |                  | Clock  |
Destination |   to PAD   |Internal Clock(s) | Phase  |
------------+------------+------------------+--------+
done        |    9.220(R)|clock_BUFGP       |   0.000|
overflow    |    9.445(R)|clock_BUFGP       |   0.000|
product<0>  |    9.413(R)|clock_BUFGP       |   0.000|
product<1>  |    9.905(R)|clock_BUFGP       |   0.000|
product<2>  |    9.015(R)|clock_BUFGP       |   0.000|
product<3>  |    9.628(R)|clock_BUFGP       |   0.000|
product<4>  |   10.068(R)|clock_BUFGP       |   0.000|
product<5>  |    9.895(R)|clock_BUFGP       |   0.000|
product<6>  |   10.221(R)|clock_BUFGP       |   0.000|
product<7>  |   10.851(R)|clock_BUFGP       |   0.000|
------------+------------+------------------+--------+

Clock to Setup on destination clock clock
---------------+---------+---------+---------+---------+
               | Src:Rise| Src:Fall| Src:Rise| Src:Fall|
Source Clock   |Dest:Rise|Dest:Rise|Dest:Fall|Dest:Fall|
---------------+---------+---------+---------+---------+
clock          |    4.587|         |         |         |
---------------+---------+---------+---------+---------+


Analysis completed Fri May 08 12:46:09 2015 
--------------------------------------------------------------------------------

Trace Settings:
-------------------------
Trace Settings 

Peak Memory Usage: 151 MB



