Release 14.7 - ngc2edif P.20131013 (nt64)
Copyright (c) 1995-2013 Xilinx, Inc.  All rights reserved.
Reading design lab7.ngc ...
WARNING:NetListWriters:298 - No output is written to lab7.xncf, ignored.
Processing design ...
   Preping design's networks ...
   Preping design's macros ...
  finished :Prep
Writing EDIF netlist file lab7.edif ...
ngc2edif: Total memory usage is 75396 kilobytes

Release 14.7 - ngc2edif P.20131013 (nt64)
Copyright (c) 1995-2013 Xilinx, Inc.  All rights reserved.
Reading design lab7.ngc ...
WARNING:NetListWriters:298 - No output is written to lab7.xncf, ignored.
Processing design ...
   Preping design's networks ...
   Preping design's macros ...
  finished :Prep
Writing EDIF netlist file lab7.edif ...
ngc2edif: Total memory usage is 75396 kilobytes

