--------------------------------------------------------------------------------
Release 14.7 Trace  (nt64)
Copyright (c) 1995-2013 Xilinx, Inc.  All rights reserved.

C:\Xilinx\14.7\ISE_DS\ISE\bin\nt64\unwrapped\trce.exe -intstyle ise -v 3 -s 5
-n 3 -fastpaths -xml top.twx top.ncd -o top.twr top.pcf

Design file:              top.ncd
Physical constraint file: top.pcf
Device,package,speed:     xc3s200,ft256,-5 (PRODUCTION 1.39 2013-10-13)
Report level:             verbose report

Environment Variable      Effect 
--------------------      ------ 
NONE                      No environment variables were set
--------------------------------------------------------------------------------

INFO:Timing:2698 - No timing constraints found, doing default enumeration.
INFO:Timing:3412 - To improve timing, see the Timing Closure User Guide (UG612).
INFO:Timing:2752 - To get complete path coverage, use the unconstrained paths 
   option. All paths that are not constrained will be reported in the 
   unconstrained paths section(s) of the report.
INFO:Timing:3339 - The clock-to-out numbers in this timing report are based on 
   a 50 Ohm transmission line loading model.  For the details of this model, 
   and for more information on accounting for different loading conditions, 
   please see the device datasheet.
INFO:Timing:3390 - This architecture does not support a default System Jitter 
   value, please add SYSTEM_JITTER constraint to the UCF to modify the Clock 
   Uncertainty calculation.
INFO:Timing:3389 - This architecture does not support 'Discrete Jitter' and 
   'Phase Error' calculations, these terms will be zero in the Clock 
   Uncertainty calculation.  Please make appropriate modification to 
   SYSTEM_JITTER to account for the unsupported Discrete Jitter and Phase 
   Error.



Data Sheet report:
-----------------
All values displayed in nanoseconds (ns)

Setup/Hold to clock clock_ext
------------+------------+------------+------------------+--------+
            |Max Setup to|Max Hold to |                  | Clock  |
Source      | clk (edge) | clk (edge) |Internal Clock(s) | Phase  |
------------+------------+------------+------------------+--------+
x_ext       |    1.246(R)|    1.770(R)|clock             |   0.000|
------------+------------+------------+------------------+--------+

Setup/Hold to clock st
------------+------------+------------+------------------+--------+
            |Max Setup to|Max Hold to |                  | Clock  |
Source      | clk (edge) | clk (edge) |Internal Clock(s) | Phase  |
------------+------------+------------+------------------+--------+
x_ext       |    1.573(R)|    1.360(R)|clock             |   0.000|
------------+------------+------------+------------------+--------+

Clock clock_ext to Pad
------------+------------+------------------+--------+
            | clk (edge) |                  | Clock  |
Destination |   to PAD   |Internal Clock(s) | Phase  |
------------+------------+------------------+--------+
ctr<0>      |   12.797(R)|clock             |   0.000|
ctr<1>      |   12.125(R)|clock             |   0.000|
ctr<2>      |   11.977(R)|clock             |   0.000|
ctr<3>      |   14.151(R)|clock             |   0.000|
------------+------------+------------------+--------+

Clock st to Pad
------------+------------+------------------+--------+
            | clk (edge) |                  | Clock  |
Destination |   to PAD   |Internal Clock(s) | Phase  |
------------+------------+------------------+--------+
ctr<0>      |   12.387(R)|clock             |   0.000|
ctr<1>      |   11.715(R)|clock             |   0.000|
ctr<2>      |   11.567(R)|clock             |   0.000|
ctr<3>      |   13.741(R)|clock             |   0.000|
------------+------------+------------------+--------+

Clock to Setup on destination clock clock_ext
---------------+---------+---------+---------+---------+
               | Src:Rise| Src:Fall| Src:Rise| Src:Fall|
Source Clock   |Dest:Rise|Dest:Rise|Dest:Fall|Dest:Fall|
---------------+---------+---------+---------+---------+
clock_ext      |    1.819|         |         |         |
st             |    1.819|    1.366|         |         |
---------------+---------+---------+---------+---------+

Clock to Setup on destination clock st
---------------+---------+---------+---------+---------+
               | Src:Rise| Src:Fall| Src:Rise| Src:Fall|
Source Clock   |Dest:Rise|Dest:Rise|Dest:Fall|Dest:Fall|
---------------+---------+---------+---------+---------+
clock_ext      |    1.819|         |         |         |
st             |    1.819|    1.693|         |         |
---------------+---------+---------+---------+---------+

Clock to Setup on destination clock sysclk
---------------+---------+---------+---------+---------+
               | Src:Rise| Src:Fall| Src:Rise| Src:Fall|
Source Clock   |Dest:Rise|Dest:Rise|Dest:Fall|Dest:Fall|
---------------+---------+---------+---------+---------+
sysclk         |    4.149|         |         |         |
---------------+---------+---------+---------+---------+

Pad to Pad
---------------+---------------+---------+
Source Pad     |Destination Pad|  Delay  |
---------------+---------------+---------+
st             |ctr<0>         |   10.167|
st             |ctr<1>         |    9.714|
st             |ctr<2>         |    9.793|
st             |ctr<3>         |   11.725|
st             |ctr<4>         |    9.853|
st             |ctr<5>         |    9.938|
st             |ctr<6>         |   10.185|
x_ext          |ctr<3>         |   11.605|
---------------+---------------+---------+


Analysis completed Tue Apr 21 14:52:22 2015 
--------------------------------------------------------------------------------

Trace Settings:
-------------------------
Trace Settings 

Peak Memory Usage: 142 MB



